{"C:\\Users\\ankes\\OneDrive\\Desktop\\TravelSync\\server\\server.js": {"path":"C:\\Users\\ankes\\OneDrive\\Desktop\\TravelSync\\server\\server.js","statementMap":{"0":{"start":{"line":1,"column":0},"end":{"line":1,"column":27}},"1":{"start":{"line":2,"column":16},"end":{"line":2,"column":34}},"2":{"start":{"line":3,"column":13},"end":{"line":3,"column":28}},"3":{"start":{"line":4,"column":15},"end":{"line":4,"column":32}},"4":{"start":{"line":5,"column":18},"end":{"line":5,"column":47}},"5":{"start":{"line":6,"column":21},"end":{"line":6,"column":45}},"6":{"start":{"line":7,"column":17},"end":{"line":7,"column":36}},"7":{"start":{"line":8,"column":13},"end":{"line":8,"column":28}},"8":{"start":{"line":9,"column":11},"end":{"line":9,"column":24}},"9":{"start":{"line":10,"column":25},"end":{"line":10,"column":61}},"10":{"start":{"line":11,"column":13},"end":{"line":11,"column":28}},"11":{"start":{"line":12,"column":19},"end":{"line":12,"column":39}},"12":{"start":{"line":14,"column":21},"end":{"line":14,"column":58}},"13":{"start":{"line":15,"column":17},"end":{"line":15,"column":46}},"14":{"start":{"line":19,"column":0},"end":{"line":19,"column":108}},"15":{"start":{"line":20,"column":0},"end":{"line":20,"column":83}},"16":{"start":{"line":22,"column":12},"end":{"line":22,"column":21}},"17":{"start":{"line":23,"column":15},"end":{"line":23,"column":37}},"18":{"start":{"line":26,"column":0},"end":{"line":29,"column":4}},"19":{"start":{"line":32,"column":20},"end":{"line":45,"column":1}},"20":{"start":{"line":35,"column":4},"end":{"line":41,"column":5}},"21":{"start":{"line":36,"column":6},"end":{"line":36,"column":27}},"22":{"start":{"line":37,"column":11},"end":{"line":41,"column":5}},"23":{"start":{"line":38,"column":6},"end":{"line":38,"column":27}},"24":{"start":{"line":40,"column":6},"end":{"line":40,"column":49}},"25":{"start":{"line":46,"column":0},"end":{"line":46,"column":27}},"26":{"start":{"line":47,"column":0},"end":{"line":47,"column":24}},"27":{"start":{"line":48,"column":0},"end":{"line":48,"column":24}},"28":{"start":{"line":51,"column":19},"end":{"line":51,"column":50}},"29":{"start":{"line":52,"column":0},"end":{"line":52,"column":78}},"30":{"start":{"line":52,"column":32},"end":{"line":52,"column":78}},"31":{"start":{"line":53,"column":0},"end":{"line":53,"column":48}},"32":{"start":{"line":56,"column":24},"end":{"line":56,"column":43}},"33":{"start":{"line":57,"column":11},"end":{"line":57,"column":43}},"34":{"start":{"line":60,"column":0},"end":{"line":63,"column":3}},"35":{"start":{"line":61,"column":2},"end":{"line":61,"column":14}},"36":{"start":{"line":62,"column":2},"end":{"line":62,"column":9}},"37":{"start":{"line":66,"column":20},"end":{"line":72,"column":2}},"38":{"start":{"line":73,"column":0},"end":{"line":73,"column":35}},"39":{"start":{"line":75,"column":18},"end":{"line":81,"column":2}},"40":{"start":{"line":82,"column":0},"end":{"line":87,"column":3}},"41":{"start":{"line":83,"column":2},"end":{"line":85,"column":3}},"42":{"start":{"line":84,"column":4},"end":{"line":84,"column":37}},"43":{"start":{"line":86,"column":2},"end":{"line":86,"column":9}},"44":{"start":{"line":90,"column":0},"end":{"line":106,"column":1}},"45":{"start":{"line":91,"column":2},"end":{"line":103,"column":7}},"46":{"start":{"line":93,"column":16},"end":{"line":93,"column":63}},"47":{"start":{"line":95,"column":6},"end":{"line":95,"column":64}},"48":{"start":{"line":97,"column":6},"end":{"line":100,"column":7}},"49":{"start":{"line":98,"column":8},"end":{"line":98,"column":24}},"50":{"start":{"line":99,"column":8},"end":{"line":99,"column":15}},"51":{"start":{"line":102,"column":6},"end":{"line":102,"column":134}},"52":{"start":{"line":104,"column":7},"end":{"line":106,"column":1}},"53":{"start":{"line":105,"column":2},"end":{"line":105,"column":97}},"54":{"start":{"line":109,"column":0},"end":{"line":115,"column":3}},"55":{"start":{"line":110,"column":2},"end":{"line":114,"column":5}},"56":{"start":{"line":118,"column":18},"end":{"line":118,"column":47}},"57":{"start":{"line":119,"column":20},"end":{"line":119,"column":40}},"58":{"start":{"line":120,"column":0},"end":{"line":120,"column":68}},"59":{"start":{"line":123,"column":0},"end":{"line":123,"column":47}},"60":{"start":{"line":124,"column":0},"end":{"line":124,"column":47}},"61":{"start":{"line":125,"column":0},"end":{"line":125,"column":49}},"62":{"start":{"line":128,"column":0},"end":{"line":134,"column":3}},"63":{"start":{"line":129,"column":2},"end":{"line":133,"column":5}},"64":{"start":{"line":137,"column":0},"end":{"line":137,"column":22}},"65":{"start":{"line":140,"column":0},"end":{"line":146,"column":1}},"66":{"start":{"line":141,"column":15},"end":{"line":141,"column":39}},"67":{"start":{"line":142,"column":2},"end":{"line":145,"column":5}},"68":{"start":{"line":143,"column":4},"end":{"line":143,"column":64}},"69":{"start":{"line":144,"column":4},"end":{"line":144,"column":56}},"70":{"start":{"line":148,"column":0},"end":{"line":148,"column":21}},"71":{"start":{"line":151,"column":25},"end":{"line":160,"column":1}},"72":{"start":{"line":152,"column":2},"end":{"line":152,"column":45}},"73":{"start":{"line":153,"column":2},"end":{"line":159,"column":5}},"74":{"start":{"line":154,"column":4},"end":{"line":154,"column":52}},"75":{"start":{"line":155,"column":4},"end":{"line":158,"column":7}},"76":{"start":{"line":156,"column":6},"end":{"line":156,"column":47}},"77":{"start":{"line":157,"column":6},"end":{"line":157,"column":22}},"78":{"start":{"line":162,"column":0},"end":{"line":162,"column":40}},"79":{"start":{"line":163,"column":0},"end":{"line":163,"column":39}}},"fnMap":{"0":{"name":"(anonymous_0)","decl":{"start":{"line":33,"column":10},"end":{"line":33,"column":11}},"loc":{"start":{"line":33,"column":38},"end":{"line":42,"column":3}},"line":33},"1":{"name":"(anonymous_1)","decl":{"start":{"line":60,"column":8},"end":{"line":60,"column":9}},"loc":{"start":{"line":60,"column":28},"end":{"line":63,"column":1}},"line":60},"2":{"name":"(anonymous_2)","decl":{"start":{"line":82,"column":22},"end":{"line":82,"column":23}},"loc":{"start":{"line":82,"column":42},"end":{"line":87,"column":1}},"line":82},"3":{"name":"(anonymous_3)","decl":{"start":{"line":93,"column":10},"end":{"line":93,"column":11}},"loc":{"start":{"line":93,"column":16},"end":{"line":93,"column":63}},"line":93},"4":{"name":"(anonymous_4)","decl":{"start":{"line":94,"column":11},"end":{"line":94,"column":12}},"loc":{"start":{"line":94,"column":20},"end":{"line":103,"column":5}},"line":94},"5":{"name":"(anonymous_5)","decl":{"start":{"line":109,"column":23},"end":{"line":109,"column":24}},"loc":{"start":{"line":109,"column":37},"end":{"line":115,"column":1}},"line":109},"6":{"name":"(anonymous_6)","decl":{"start":{"line":128,"column":8},"end":{"line":128,"column":9}},"loc":{"start":{"line":128,"column":22},"end":{"line":134,"column":1}},"line":128},"7":{"name":"(anonymous_7)","decl":{"start":{"line":142,"column":22},"end":{"line":142,"column":23}},"loc":{"start":{"line":142,"column":28},"end":{"line":145,"column":3}},"line":142},"8":{"name":"(anonymous_8)","decl":{"start":{"line":151,"column":25},"end":{"line":151,"column":26}},"loc":{"start":{"line":151,"column":31},"end":{"line":160,"column":1}},"line":151},"9":{"name":"(anonymous_9)","decl":{"start":{"line":153,"column":15},"end":{"line":153,"column":16}},"loc":{"start":{"line":153,"column":21},"end":{"line":159,"column":3}},"line":153},"10":{"name":"(anonymous_10)","decl":{"start":{"line":155,"column":42},"end":{"line":155,"column":43}},"loc":{"start":{"line":155,"column":48},"end":{"line":158,"column":5}},"line":155}},"branchMap":{"0":{"loc":{"start":{"line":19,"column":25},"end":{"line":19,"column":107}},"type":"binary-expr","locations":[{"start":{"line":19,"column":25},"end":{"line":19,"column":47}},{"start":{"line":19,"column":52},"end":{"line":19,"column":106}}],"line":19},"1":{"loc":{"start":{"line":19,"column":52},"end":{"line":19,"column":106}},"type":"cond-expr","locations":[{"start":{"line":19,"column":68},"end":{"line":19,"column":101}},{"start":{"line":19,"column":104},"end":{"line":19,"column":106}}],"line":19},"2":{"loc":{"start":{"line":20,"column":29},"end":{"line":20,"column":82}},"type":"binary-expr","locations":[{"start":{"line":20,"column":29},"end":{"line":20,"column":55}},{"start":{"line":20,"column":59},"end":{"line":20,"column":82}}],"line":20},"3":{"loc":{"start":{"line":35,"column":4},"end":{"line":41,"column":5}},"type":"if","locations":[{"start":{"line":35,"column":4},"end":{"line":41,"column":5}},{"start":{"line":37,"column":11},"end":{"line":41,"column":5}}],"line":35},"4":{"loc":{"start":{"line":35,"column":8},"end":{"line":35,"column":97}},"type":"binary-expr","locations":[{"start":{"line":35,"column":8},"end":{"line":35,"column":15}},{"start":{"line":35,"column":19},"end":{"line":35,"column":56}},{"start":{"line":35,"column":60},"end":{"line":35,"column":97}}],"line":35},"5":{"loc":{"start":{"line":37,"column":11},"end":{"line":41,"column":5}},"type":"if","locations":[{"start":{"line":37,"column":11},"end":{"line":41,"column":5}},{"start":{"line":39,"column":11},"end":{"line":41,"column":5}}],"line":37},"6":{"loc":{"start":{"line":37,"column":15},"end":{"line":37,"column":82}},"type":"binary-expr","locations":[{"start":{"line":37,"column":15},"end":{"line":37,"column":41}},{"start":{"line":37,"column":45},"end":{"line":37,"column":82}}],"line":37},"7":{"loc":{"start":{"line":52,"column":0},"end":{"line":52,"column":78}},"type":"if","locations":[{"start":{"line":52,"column":0},"end":{"line":52,"column":78}},{"start":{},"end":{}}],"line":52},"8":{"loc":{"start":{"line":83,"column":2},"end":{"line":85,"column":3}},"type":"if","locations":[{"start":{"line":83,"column":2},"end":{"line":85,"column":3}},{"start":{},"end":{}}],"line":83},"9":{"loc":{"start":{"line":83,"column":6},"end":{"line":83,"column":60}},"type":"binary-expr","locations":[{"start":{"line":83,"column":6},"end":{"line":83,"column":35}},{"start":{"line":83,"column":39},"end":{"line":83,"column":60}}],"line":83},"10":{"loc":{"start":{"line":90,"column":0},"end":{"line":106,"column":1}},"type":"if","locations":[{"start":{"line":90,"column":0},"end":{"line":106,"column":1}},{"start":{"line":104,"column":7},"end":{"line":106,"column":1}}],"line":90},"11":{"loc":{"start":{"line":90,"column":4},"end":{"line":90,"column":47}},"type":"binary-expr","locations":[{"start":{"line":90,"column":4},"end":{"line":90,"column":12}},{"start":{"line":90,"column":16},"end":{"line":90,"column":47}}],"line":90},"12":{"loc":{"start":{"line":97,"column":6},"end":{"line":100,"column":7}},"type":"if","locations":[{"start":{"line":97,"column":6},"end":{"line":100,"column":7}},{"start":{},"end":{}}],"line":97},"13":{"loc":{"start":{"line":104,"column":7},"end":{"line":106,"column":1}},"type":"if","locations":[{"start":{"line":104,"column":7},"end":{"line":106,"column":1}},{"start":{},"end":{}}],"line":104},"14":{"loc":{"start":{"line":113,"column":14},"end":{"line":113,"column":81}},"type":"cond-expr","locations":[{"start":{"line":113,"column":53},"end":{"line":113,"column":64}},{"start":{"line":113,"column":67},"end":{"line":113,"column":81}}],"line":113},"15":{"loc":{"start":{"line":140,"column":0},"end":{"line":146,"column":1}},"type":"if","locations":[{"start":{"line":140,"column":0},"end":{"line":146,"column":1}},{"start":{},"end":{}}],"line":140},"16":{"loc":{"start":{"line":141,"column":15},"end":{"line":141,"column":39}},"type":"binary-expr","locations":[{"start":{"line":141,"column":15},"end":{"line":141,"column":31}},{"start":{"line":141,"column":35},"end":{"line":141,"column":39}}],"line":141}},"s":{"0":1,"1":1,"2":1,"3":1,"4":1,"5":1,"6":1,"7":1,"8":1,"9":1,"10":1,"11":1,"12":1,"13":1,"14":1,"15":1,"16":1,"17":1,"18":1,"19":1,"20":20,"21":20,"22":0,"23":0,"24":0,"25":1,"26":1,"27":1,"28":1,"29":1,"30":0,"31":1,"32":1,"33":1,"34":1,"35":20,"36":20,"37":1,"38":1,"39":1,"40":1,"41":9,"42":0,"43":9,"44":1,"45":0,"46":0,"47":0,"48":0,"49":0,"50":0,"51":0,"52":1,"53":0,"54":1,"55":0,"56":1,"57":1,"58":1,"59":1,"60":1,"61":1,"62":1,"63":0,"64":1,"65":1,"66":0,"67":0,"68":0,"69":0,"70":1,"71":1,"72":0,"73":0,"74":0,"75":0,"76":0,"77":0,"78":1,"79":1},"f":{"0":20,"1":20,"2":9,"3":0,"4":0,"5":0,"6":0,"7":0,"8":0,"9":0,"10":0},"b":{"0":[1,0],"1":[0,0],"2":[1,0],"3":[20,0],"4":[20,0,0],"5":[0,0],"6":[0,0],"7":[0,1],"8":[0,9],"9":[9,0],"10":[0,1],"11":[1,1],"12":[0,0],"13":[0,1],"14":[0,0],"15":[0,1],"16":[0,0]},"_coverageSchema":"1a1c01bbd47fc00a2c39e90264f33305004495a9","hash":"c3e486553a16380bd9213e4db42afe9b5247f078"}
,"C:\\Users\\ankes\\OneDrive\\Desktop\\TravelSync\\server\\socket.js": {"path":"C:\\Users\\ankes\\OneDrive\\Desktop\\TravelSync\\server\\socket.js","statementMap":{"0":{"start":{"line":1,"column":19},"end":{"line":1,"column":39}},"1":{"start":{"line":2,"column":12},"end":{"line":2,"column":35}},"2":{"start":{"line":3,"column":13},"end":{"line":3,"column":37}},"3":{"start":{"line":7,"column":20},"end":{"line":76,"column":1}},"4":{"start":{"line":8,"column":2},"end":{"line":10,"column":5}},"5":{"start":{"line":13,"column":2},"end":{"line":32,"column":5}},"6":{"start":{"line":14,"column":4},"end":{"line":31,"column":5}},"7":{"start":{"line":15,"column":20},"end":{"line":15,"column":47}},"8":{"start":{"line":16,"column":6},"end":{"line":18,"column":7}},"9":{"start":{"line":17,"column":8},"end":{"line":17,"column":74}},"10":{"start":{"line":20,"column":22},"end":{"line":20,"column":63}},"11":{"start":{"line":21,"column":19},"end":{"line":21,"column":74}},"12":{"start":{"line":23,"column":6},"end":{"line":25,"column":7}},"13":{"start":{"line":24,"column":9},"end":{"line":24,"column":72}},"14":{"start":{"line":27,"column":6},"end":{"line":27,"column":25}},"15":{"start":{"line":28,"column":6},"end":{"line":28,"column":13}},"16":{"start":{"line":30,"column":6},"end":{"line":30,"column":72}},"17":{"start":{"line":34,"column":2},"end":{"line":73,"column":5}},"18":{"start":{"line":35,"column":19},"end":{"line":35,"column":48}},"19":{"start":{"line":36,"column":4},"end":{"line":72,"column":5}},"20":{"start":{"line":37,"column":23},"end":{"line":37,"column":39}},"21":{"start":{"line":38,"column":6},"end":{"line":38,"column":28}},"22":{"start":{"line":39,"column":6},"end":{"line":39,"column":88}},"23":{"start":{"line":42,"column":6},"end":{"line":46,"column":9}},"24":{"start":{"line":49,"column":21},"end":{"line":56,"column":7}},"25":{"start":{"line":58,"column":6},"end":{"line":62,"column":9}},"26":{"start":{"line":59,"column":8},"end":{"line":61,"column":11}},"27":{"start":{"line":60,"column":10},"end":{"line":60,"column":52}},"28":{"start":{"line":64,"column":6},"end":{"line":69,"column":9}},"29":{"start":{"line":65,"column":8},"end":{"line":65,"column":57}},"30":{"start":{"line":66,"column":8},"end":{"line":68,"column":11}},"31":{"start":{"line":71,"column":6},"end":{"line":71,"column":26}},"32":{"start":{"line":75,"column":2},"end":{"line":75,"column":12}},"33":{"start":{"line":78,"column":14},"end":{"line":83,"column":1}},"34":{"start":{"line":79,"column":2},"end":{"line":81,"column":3}},"35":{"start":{"line":80,"column":4},"end":{"line":80,"column":50}},"36":{"start":{"line":82,"column":2},"end":{"line":82,"column":12}},"37":{"start":{"line":85,"column":0},"end":{"line":85,"column":40}}},"fnMap":{"0":{"name":"(anonymous_0)","decl":{"start":{"line":7,"column":20},"end":{"line":7,"column":21}},"loc":{"start":{"line":7,"column":45},"end":{"line":76,"column":1}},"line":7},"1":{"name":"(anonymous_1)","decl":{"start":{"line":13,"column":9},"end":{"line":13,"column":10}},"loc":{"start":{"line":13,"column":33},"end":{"line":32,"column":3}},"line":13},"2":{"name":"(anonymous_2)","decl":{"start":{"line":34,"column":22},"end":{"line":34,"column":23}},"loc":{"start":{"line":34,"column":34},"end":{"line":73,"column":3}},"line":34},"3":{"name":"(anonymous_3)","decl":{"start":{"line":58,"column":21},"end":{"line":58,"column":22}},"loc":{"start":{"line":58,"column":34},"end":{"line":62,"column":7}},"line":58},"4":{"name":"(anonymous_4)","decl":{"start":{"line":59,"column":29},"end":{"line":59,"column":30}},"loc":{"start":{"line":59,"column":39},"end":{"line":61,"column":9}},"line":59},"5":{"name":"(anonymous_5)","decl":{"start":{"line":64,"column":30},"end":{"line":64,"column":31}},"loc":{"start":{"line":64,"column":36},"end":{"line":69,"column":7}},"line":64},"6":{"name":"(anonymous_6)","decl":{"start":{"line":78,"column":14},"end":{"line":78,"column":15}},"loc":{"start":{"line":78,"column":20},"end":{"line":83,"column":1}},"line":78}},"branchMap":{"0":{"loc":{"start":{"line":16,"column":6},"end":{"line":18,"column":7}},"type":"if","locations":[{"start":{"line":16,"column":6},"end":{"line":18,"column":7}},{"start":{},"end":{}}],"line":16},"1":{"loc":{"start":{"line":23,"column":6},"end":{"line":25,"column":7}},"type":"if","locations":[{"start":{"line":23,"column":6},"end":{"line":25,"column":7}},{"start":{},"end":{}}],"line":23},"2":{"loc":{"start":{"line":36,"column":4},"end":{"line":72,"column":5}},"type":"if","locations":[{"start":{"line":36,"column":4},"end":{"line":72,"column":5}},{"start":{"line":70,"column":11},"end":{"line":72,"column":5}}],"line":36},"3":{"loc":{"start":{"line":79,"column":2},"end":{"line":81,"column":3}},"type":"if","locations":[{"start":{"line":79,"column":2},"end":{"line":81,"column":3}},{"start":{},"end":{}}],"line":79}},"s":{"0":1,"1":1,"2":1,"3":1,"4":1,"5":1,"6":0,"7":0,"8":0,"9":0,"10":0,"11":0,"12":0,"13":0,"14":0,"15":0,"16":0,"17":1,"18":0,"19":0,"20":0,"21":0,"22":0,"23":0,"24":0,"25":0,"26":0,"27":0,"28":0,"29":0,"30":0,"31":0,"32":1,"33":1,"34":1,"35":0,"36":1,"37":1},"f":{"0":1,"1":0,"2":0,"3":0,"4":0,"5":0,"6":1},"b":{"0":[0,0],"1":[0,0],"2":[0,0],"3":[0,1]},"_coverageSchema":"1a1c01bbd47fc00a2c39e90264f33305004495a9","hash":"d02fc6296254360e8e2ba7b56ac532c850f11a15"}
,"C:\\Users\\ankes\\OneDrive\\Desktop\\TravelSync\\server\\swagger.js": {"path":"C:\\Users\\ankes\\OneDrive\\Desktop\\TravelSync\\server\\swagger.js","statementMap":{"0":{"start":{"line":1,"column":21},"end":{"line":1,"column":45}},"1":{"start":{"line":3,"column":16},"end":{"line":33,"column":1}},"2":{"start":{"line":35,"column":20},"end":{"line":35,"column":41}},"3":{"start":{"line":37,"column":0},"end":{"line":37,"column":29}}},"fnMap":{},"branchMap":{},"s":{"0":1,"1":1,"2":1,"3":1},"f":{},"b":{},"_coverageSchema":"1a1c01bbd47fc00a2c39e90264f33305004495a9","hash":"c9c47db729f214164ad1175c3248faf22ee1a9be"}
,"C:\\Users\\ankes\\OneDrive\\Desktop\\TravelSync\\server\\middleware\\auth.js": {"path":"C:\\Users\\ankes\\OneDrive\\Desktop\\TravelSync\\server\\middleware\\auth.js","statementMap":{"0":{"start":{"line":1,"column":12},"end":{"line":1,"column":35}},"1":{"start":{"line":3,"column":20},"end":{"line":18,"column":1}},"2":{"start":{"line":4,"column":21},"end":{"line":4,"column":49}},"3":{"start":{"line":5,"column":16},"end":{"line":5,"column":54}},"4":{"start":{"line":7,"column":2},"end":{"line":9,"column":3}},"5":{"start":{"line":8,"column":4},"end":{"line":8,"column":89}},"6":{"start":{"line":11,"column":2},"end":{"line":17,"column":3}},"7":{"start":{"line":12,"column":20},"end":{"line":12,"column":61}},"8":{"start":{"line":13,"column":4},"end":{"line":13,"column":32}},"9":{"start":{"line":14,"column":4},"end":{"line":14,"column":11}},"10":{"start":{"line":16,"column":4},"end":{"line":16,"column":74}},"11":{"start":{"line":20,"column":0},"end":{"line":20,"column":33}}},"fnMap":{"0":{"name":"(anonymous_0)","decl":{"start":{"line":3,"column":20},"end":{"line":3,"column":21}},"loc":{"start":{"line":3,"column":46},"end":{"line":18,"column":1}},"line":3}},"branchMap":{"0":{"loc":{"start":{"line":5,"column":16},"end":{"line":5,"column":54}},"type":"binary-expr","locations":[{"start":{"line":5,"column":16},"end":{"line":5,"column":26}},{"start":{"line":5,"column":30},"end":{"line":5,"column":54}}],"line":5},"1":{"loc":{"start":{"line":7,"column":2},"end":{"line":9,"column":3}},"type":"if","locations":[{"start":{"line":7,"column":2},"end":{"line":9,"column":3}},{"start":{},"end":{}}],"line":7}},"s":{"0":1,"1":1,"2":12,"3":12,"4":12,"5":2,"6":10,"7":10,"8":9,"9":9,"10":1,"11":1},"f":{"0":12},"b":{"0":[12,10],"1":[2,10]},"_coverageSchema":"1a1c01bbd47fc00a2c39e90264f33305004495a9","hash":"33d1766db1018d8be81146a4e82eaa920df1789c"}
,"C:\\Users\\ankes\\OneDrive\\Desktop\\TravelSync\\server\\middleware\\errorHandler.js": {"path":"C:\\Users\\ankes\\OneDrive\\Desktop\\TravelSync\\server\\middleware\\errorHandler.js","statementMap":{"0":{"start":{"line":6,"column":4},"end":{"line":6,"column":19}},"1":{"start":{"line":7,"column":4},"end":{"line":7,"column":33}},"2":{"start":{"line":8,"column":4},"end":{"line":8,"column":52}},"3":{"start":{"line":16,"column":21},"end":{"line":63,"column":1}},"4":{"start":{"line":18,"column":2},"end":{"line":20,"column":3}},"5":{"start":{"line":19,"column":4},"end":{"line":19,"column":33}},"6":{"start":{"line":23,"column":19},"end":{"line":23,"column":40}},"7":{"start":{"line":24,"column":16},"end":{"line":24,"column":54}},"8":{"start":{"line":25,"column":13},"end":{"line":25,"column":29}},"9":{"start":{"line":28,"column":2},"end":{"line":34,"column":3}},"10":{"start":{"line":29,"column":4},"end":{"line":29,"column":21}},"11":{"start":{"line":30,"column":4},"end":{"line":30,"column":30}},"12":{"start":{"line":31,"column":4},"end":{"line":33,"column":18}},"13":{"start":{"line":32,"column":16},"end":{"line":32,"column":25}},"14":{"start":{"line":37,"column":2},"end":{"line":41,"column":3}},"15":{"start":{"line":38,"column":4},"end":{"line":38,"column":21}},"16":{"start":{"line":39,"column":4},"end":{"line":39,"column":24}},"17":{"start":{"line":40,"column":4},"end":{"line":40,"column":36}},"18":{"start":{"line":44,"column":2},"end":{"line":48,"column":3}},"19":{"start":{"line":45,"column":4},"end":{"line":45,"column":21}},"20":{"start":{"line":46,"column":4},"end":{"line":46,"column":27}},"21":{"start":{"line":47,"column":4},"end":{"line":47,"column":43}},"22":{"start":{"line":50,"column":2},"end":{"line":54,"column":3}},"23":{"start":{"line":51,"column":4},"end":{"line":51,"column":21}},"24":{"start":{"line":52,"column":4},"end":{"line":52,"column":27}},"25":{"start":{"line":53,"column":4},"end":{"line":53,"column":34}},"26":{"start":{"line":57,"column":2},"end":{"line":62,"column":5}},"27":{"start":{"line":65,"column":0},"end":{"line":65,"column":44}}},"fnMap":{"0":{"name":"(anonymous_0)","decl":{"start":{"line":5,"column":2},"end":{"line":5,"column":3}},"loc":{"start":{"line":5,"column":41},"end":{"line":9,"column":3}},"line":5},"1":{"name":"(anonymous_1)","decl":{"start":{"line":16,"column":21},"end":{"line":16,"column":22}},"loc":{"start":{"line":16,"column":46},"end":{"line":63,"column":1}},"line":16},"2":{"name":"(anonymous_2)","decl":{"start":{"line":32,"column":11},"end":{"line":32,"column":12}},"loc":{"start":{"line":32,"column":16},"end":{"line":32,"column":25}},"line":32}},"branchMap":{"0":{"loc":{"start":{"line":5,"column":23},"end":{"line":5,"column":39}},"type":"default-arg","locations":[{"start":{"line":5,"column":36},"end":{"line":5,"column":39}}],"line":5},"1":{"loc":{"start":{"line":18,"column":2},"end":{"line":20,"column":3}},"type":"if","locations":[{"start":{"line":18,"column":2},"end":{"line":20,"column":3}},{"start":{},"end":{}}],"line":18},"2":{"loc":{"start":{"line":23,"column":19},"end":{"line":23,"column":40}},"type":"binary-expr","locations":[{"start":{"line":23,"column":19},"end":{"line":23,"column":33}},{"start":{"line":23,"column":37},"end":{"line":23,"column":40}}],"line":23},"3":{"loc":{"start":{"line":24,"column":16},"end":{"line":24,"column":54}},"type":"binary-expr","locations":[{"start":{"line":24,"column":16},"end":{"line":24,"column":27}},{"start":{"line":24,"column":31},"end":{"line":24,"column":54}}],"line":24},"4":{"loc":{"start":{"line":28,"column":2},"end":{"line":34,"column":3}},"type":"if","locations":[{"start":{"line":28,"column":2},"end":{"line":34,"column":3}},{"start":{},"end":{}}],"line":28},"5":{"loc":{"start":{"line":37,"column":2},"end":{"line":41,"column":3}},"type":"if","locations":[{"start":{"line":37,"column":2},"end":{"line":41,"column":3}},{"start":{},"end":{}}],"line":37},"6":{"loc":{"start":{"line":44,"column":2},"end":{"line":48,"column":3}},"type":"if","locations":[{"start":{"line":44,"column":2},"end":{"line":48,"column":3}},{"start":{},"end":{}}],"line":44},"7":{"loc":{"start":{"line":50,"column":2},"end":{"line":54,"column":3}},"type":"if","locations":[{"start":{"line":50,"column":2},"end":{"line":54,"column":3}},{"start":{},"end":{}}],"line":50},"8":{"loc":{"start":{"line":61,"column":8},"end":{"line":61,"column":69}},"type":"binary-expr","locations":[{"start":{"line":61,"column":8},"end":{"line":61,"column":45}},{"start":{"line":61,"column":49},"end":{"line":61,"column":69}}],"line":61}},"s":{"0":0,"1":0,"2":0,"3":1,"4":0,"5":0,"6":0,"7":0,"8":0,"9":0,"10":0,"11":0,"12":0,"13":0,"14":0,"15":0,"16":0,"17":0,"18":0,"19":0,"20":0,"21":0,"22":0,"23":0,"24":0,"25":0,"26":0,"27":1},"f":{"0":0,"1":0,"2":0},"b":{"0":[0],"1":[0,0],"2":[0,0],"3":[0,0],"4":[0,0],"5":[0,0],"6":[0,0],"7":[0,0],"8":[0,0]},"_coverageSchema":"1a1c01bbd47fc00a2c39e90264f33305004495a9","hash":"9f34daeaba2e7548881b2cf01bcc8079fd036244"}
,"C:\\Users\\ankes\\OneDrive\\Desktop\\TravelSync\\server\\models\\Trip.js": {"path":"C:\\Users\\ankes\\OneDrive\\Desktop\\TravelSync\\server\\models\\Trip.js","statementMap":{"0":{"start":{"line":1,"column":17},"end":{"line":1,"column":36}},"1":{"start":{"line":3,"column":20},"end":{"line":13,"column":2}},"2":{"start":{"line":15,"column":22},"end":{"line":24,"column":2}},"3":{"start":{"line":26,"column":19},"end":{"line":48,"column":2}},"4":{"start":{"line":50,"column":0},"end":{"line":64,"column":3}},"5":{"start":{"line":51,"column":2},"end":{"line":53,"column":3}},"6":{"start":{"line":52,"column":4},"end":{"line":52,"column":13}},"7":{"start":{"line":55,"column":16},"end":{"line":55,"column":40}},"8":{"start":{"line":56,"column":14},"end":{"line":56,"column":36}},"9":{"start":{"line":57,"column":19},"end":{"line":57,"column":50}},"10":{"start":{"line":59,"column":2},"end":{"line":61,"column":3}},"11":{"start":{"line":60,"column":4},"end":{"line":60,"column":13}},"12":{"start":{"line":63,"column":2},"end":{"line":63,"column":70}},"13":{"start":{"line":66,"column":0},"end":{"line":66,"column":48}},"14":{"start":{"line":67,"column":0},"end":{"line":67,"column":33}},"15":{"start":{"line":69,"column":0},"end":{"line":69,"column":52}}},"fnMap":{"0":{"name":"(anonymous_0)","decl":{"start":{"line":50,"column":39},"end":{"line":50,"column":40}},"loc":{"start":{"line":50,"column":51},"end":{"line":64,"column":1}},"line":50}},"branchMap":{"0":{"loc":{"start":{"line":51,"column":2},"end":{"line":53,"column":3}},"type":"if","locations":[{"start":{"line":51,"column":2},"end":{"line":53,"column":3}},{"start":{},"end":{}}],"line":51},"1":{"loc":{"start":{"line":51,"column":6},"end":{"line":51,"column":38}},"type":"binary-expr","locations":[{"start":{"line":51,"column":6},"end":{"line":51,"column":21}},{"start":{"line":51,"column":25},"end":{"line":51,"column":38}}],"line":51},"2":{"loc":{"start":{"line":59,"column":2},"end":{"line":61,"column":3}},"type":"if","locations":[{"start":{"line":59,"column":2},"end":{"line":61,"column":3}},{"start":{},"end":{}}],"line":59}},"s":{"0":1,"1":1,"2":1,"3":1,"4":1,"5":0,"6":0,"7":0,"8":0,"9":0,"10":0,"11":0,"12":0,"13":1,"14":1,"15":1},"f":{"0":0},"b":{"0":[0,0],"1":[0,0],"2":[0,0]},"_coverageSchema":"1a1c01bbd47fc00a2c39e90264f33305004495a9","hash":"84b298403f6349f51573dbf6cbd8fd3e188dd387"}
,"C:\\Users\\ankes\\OneDrive\\Desktop\\TravelSync\\server\\models\\User.js": {"path":"C:\\Users\\ankes\\OneDrive\\Desktop\\TravelSync\\server\\models\\User.js","statementMap":{"0":{"start":{"line":1,"column":17},"end":{"line":1,"column":36}},"1":{"start":{"line":2,"column":15},"end":{"line":2,"column":34}},"2":{"start":{"line":4,"column":19},"end":{"line":11,"column":2}},"3":{"start":{"line":15,"column":0},"end":{"line":19,"column":3}},"4":{"start":{"line":16,"column":2},"end":{"line":16,"column":43}},"5":{"start":{"line":16,"column":36},"end":{"line":16,"column":43}},"6":{"start":{"line":17,"column":15},"end":{"line":17,"column":39}},"7":{"start":{"line":18,"column":2},"end":{"line":18,"column":57}},"8":{"start":{"line":22,"column":0},"end":{"line":24,"column":2}},"9":{"start":{"line":23,"column":2},"end":{"line":23,"column":64}},"10":{"start":{"line":26,"column":0},"end":{"line":26,"column":52}}},"fnMap":{"0":{"name":"(anonymous_0)","decl":{"start":{"line":15,"column":23},"end":{"line":15,"column":24}},"loc":{"start":{"line":15,"column":41},"end":{"line":19,"column":1}},"line":15},"1":{"name":"(anonymous_1)","decl":{"start":{"line":22,"column":37},"end":{"line":22,"column":38}},"loc":{"start":{"line":22,"column":72},"end":{"line":24,"column":1}},"line":22}},"branchMap":{"0":{"loc":{"start":{"line":16,"column":2},"end":{"line":16,"column":43}},"type":"if","locations":[{"start":{"line":16,"column":2},"end":{"line":16,"column":43}},{"start":{},"end":{}}],"line":16}},"s":{"0":1,"1":1,"2":1,"3":1,"4":4,"5":1,"6":3,"7":3,"8":1,"9":2,"10":1},"f":{"0":4,"1":2},"b":{"0":[1,3]},"_coverageSchema":"1a1c01bbd47fc00a2c39e90264f33305004495a9","hash":"60d4931f701f6ab7b269cd2a0d55f3644f888fae"}
,"C:\\Users\\ankes\\OneDrive\\Desktop\\TravelSync\\server\\routes\\auth.js": {"path":"C:\\Users\\ankes\\OneDrive\\Desktop\\TravelSync\\server\\routes\\auth.js","statementMap":{"0":{"start":{"line":1,"column":16},"end":{"line":1,"column":34}},"1":{"start":{"line":2,"column":12},"end":{"line":2,"column":35}},"2":{"start":{"line":3,"column":15},"end":{"line":3,"column":32}},"3":{"start":{"line":4,"column":13},"end":{"line":4,"column":28}},"4":{"start":{"line":5,"column":15},"end":{"line":5,"column":32}},"5":{"start":{"line":6,"column":13},"end":{"line":6,"column":38}},"6":{"start":{"line":7,"column":24},"end":{"line":7,"column":53}},"7":{"start":{"line":8,"column":25},"end":{"line":8,"column":51}},"8":{"start":{"line":9,"column":33},"end":{"line":9,"column":61}},"9":{"start":{"line":12,"column":16},"end":{"line":20,"column":2}},"10":{"start":{"line":14,"column":4},"end":{"line":14,"column":49}},"11":{"start":{"line":17,"column":16},"end":{"line":17,"column":61}},"12":{"start":{"line":18,"column":4},"end":{"line":18,"column":55}},"13":{"start":{"line":22,"column":19},"end":{"line":28,"column":1}},"14":{"start":{"line":23,"column":2},"end":{"line":27,"column":3}},"15":{"start":{"line":24,"column":4},"end":{"line":24,"column":19}},"16":{"start":{"line":26,"column":4},"end":{"line":26,"column":58}},"17":{"start":{"line":30,"column":15},"end":{"line":34,"column":2}},"18":{"start":{"line":36,"column":15},"end":{"line":36,"column":31}},"19":{"start":{"line":39,"column":23},"end":{"line":43,"column":1}},"20":{"start":{"line":40,"column":22},"end":{"line":40,"column":88}},"21":{"start":{"line":41,"column":23},"end":{"line":41,"column":121}},"22":{"start":{"line":42,"column":2},"end":{"line":42,"column":39}},"23":{"start":{"line":79,"column":0},"end":{"line":116,"column":3}},"24":{"start":{"line":80,"column":2},"end":{"line":115,"column":3}},"25":{"start":{"line":81,"column":51},"end":{"line":81,"column":59}},"26":{"start":{"line":83,"column":4},"end":{"line":85,"column":5}},"27":{"start":{"line":84,"column":6},"end":{"line":84,"column":99}},"28":{"start":{"line":87,"column":4},"end":{"line":89,"column":5}},"29":{"start":{"line":88,"column":6},"end":{"line":88,"column":90}},"30":{"start":{"line":91,"column":4},"end":{"line":93,"column":5}},"31":{"start":{"line":92,"column":6},"end":{"line":92,"column":90}},"32":{"start":{"line":95,"column":25},"end":{"line":95,"column":75}},"33":{"start":{"line":96,"column":4},"end":{"line":98,"column":5}},"34":{"start":{"line":97,"column":6},"end":{"line":97,"column":93}},"35":{"start":{"line":100,"column":17},"end":{"line":100,"column":52}},"36":{"start":{"line":101,"column":42},"end":{"line":101,"column":66}},"37":{"start":{"line":102,"column":24},"end":{"line":102,"column":86}},"38":{"start":{"line":103,"column":4},"end":{"line":103,"column":36}},"39":{"start":{"line":104,"column":4},"end":{"line":104,"column":22}},"40":{"start":{"line":106,"column":4},"end":{"line":111,"column":7}},"41":{"start":{"line":113,"column":4},"end":{"line":113,"column":42}},"42":{"start":{"line":114,"column":4},"end":{"line":114,"column":75}},"43":{"start":{"line":146,"column":0},"end":{"line":179,"column":3}},"44":{"start":{"line":147,"column":2},"end":{"line":178,"column":3}},"45":{"start":{"line":148,"column":32},"end":{"line":148,"column":40}},"46":{"start":{"line":150,"column":4},"end":{"line":152,"column":5}},"47":{"start":{"line":151,"column":6},"end":{"line":151,"column":83}},"48":{"start":{"line":154,"column":17},"end":{"line":154,"column":67}},"49":{"start":{"line":155,"column":4},"end":{"line":157,"column":5}},"50":{"start":{"line":156,"column":6},"end":{"line":156,"column":66}},"51":{"start":{"line":159,"column":20},"end":{"line":159,"column":56}},"52":{"start":{"line":160,"column":4},"end":{"line":162,"column":5}},"53":{"start":{"line":161,"column":6},"end":{"line":161,"column":77}},"54":{"start":{"line":164,"column":42},"end":{"line":164,"column":66}},"55":{"start":{"line":165,"column":24},"end":{"line":165,"column":86}},"56":{"start":{"line":166,"column":4},"end":{"line":166,"column":36}},"57":{"start":{"line":167,"column":4},"end":{"line":167,"column":22}},"58":{"start":{"line":169,"column":4},"end":{"line":174,"column":7}},"59":{"start":{"line":176,"column":4},"end":{"line":176,"column":39}},"60":{"start":{"line":177,"column":4},"end":{"line":177,"column":75}},"61":{"start":{"line":204,"column":0},"end":{"line":237,"column":3}},"62":{"start":{"line":205,"column":2},"end":{"line":236,"column":3}},"63":{"start":{"line":206,"column":29},"end":{"line":206,"column":37}},"64":{"start":{"line":207,"column":4},"end":{"line":209,"column":5}},"65":{"start":{"line":208,"column":6},"end":{"line":208,"column":73}},"66":{"start":{"line":212,"column":4},"end":{"line":216,"column":5}},"67":{"start":{"line":213,"column":6},"end":{"line":213,"column":98}},"68":{"start":{"line":215,"column":6},"end":{"line":215,"column":84}},"69":{"start":{"line":218,"column":17},"end":{"line":218,"column":52}},"70":{"start":{"line":219,"column":27},"end":{"line":219,"column":89}},"71":{"start":{"line":220,"column":4},"end":{"line":222,"column":5}},"72":{"start":{"line":221,"column":6},"end":{"line":221,"column":84}},"73":{"start":{"line":224,"column":75},"end":{"line":224,"column":99}},"74":{"start":{"line":225,"column":24},"end":{"line":225,"column":89}},"75":{"start":{"line":226,"column":4},"end":{"line":226,"column":36}},"76":{"start":{"line":227,"column":4},"end":{"line":227,"column":22}},"77":{"start":{"line":229,"column":4},"end":{"line":232,"column":7}},"78":{"start":{"line":234,"column":4},"end":{"line":234,"column":47}},"79":{"start":{"line":235,"column":4},"end":{"line":235,"column":75}},"80":{"start":{"line":253,"column":0},"end":{"line":261,"column":3}},"81":{"start":{"line":254,"column":2},"end":{"line":260,"column":3}},"82":{"start":{"line":255,"column":4},"end":{"line":255,"column":69}},"83":{"start":{"line":256,"column":4},"end":{"line":256,"column":40}},"84":{"start":{"line":258,"column":4},"end":{"line":258,"column":40}},"85":{"start":{"line":259,"column":4},"end":{"line":259,"column":75}},"86":{"start":{"line":277,"column":0},"end":{"line":288,"column":3}},"87":{"start":{"line":278,"column":2},"end":{"line":287,"column":3}},"88":{"start":{"line":279,"column":17},"end":{"line":279,"column":68}},"89":{"start":{"line":280,"column":4},"end":{"line":282,"column":5}},"90":{"start":{"line":281,"column":6},"end":{"line":281,"column":66}},"91":{"start":{"line":283,"column":4},"end":{"line":283,"column":19}},"92":{"start":{"line":285,"column":4},"end":{"line":285,"column":42}},"93":{"start":{"line":286,"column":4},"end":{"line":286,"column":55}},"94":{"start":{"line":312,"column":0},"end":{"line":327,"column":3}},"95":{"start":{"line":313,"column":2},"end":{"line":326,"column":3}},"96":{"start":{"line":314,"column":17},"end":{"line":314,"column":48}},"97":{"start":{"line":315,"column":4},"end":{"line":315,"column":75}},"98":{"start":{"line":315,"column":15},"end":{"line":315,"column":75}},"99":{"start":{"line":317,"column":4},"end":{"line":319,"column":5}},"100":{"start":{"line":318,"column":6},"end":{"line":318,"column":32}},"101":{"start":{"line":320,"column":4},"end":{"line":320,"column":22}},"102":{"start":{"line":322,"column":4},"end":{"line":322,"column":67}},"103":{"start":{"line":324,"column":4},"end":{"line":324,"column":45}},"104":{"start":{"line":325,"column":4},"end":{"line":325,"column":55}},"105":{"start":{"line":352,"column":0},"end":{"line":376,"column":3}},"106":{"start":{"line":353,"column":2},"end":{"line":375,"column":3}},"107":{"start":{"line":354,"column":28},"end":{"line":354,"column":36}},"108":{"start":{"line":356,"column":4},"end":{"line":358,"column":5}},"109":{"start":{"line":357,"column":6},"end":{"line":357,"column":103}},"110":{"start":{"line":360,"column":17},"end":{"line":360,"column":42}},"111":{"start":{"line":363,"column":4},"end":{"line":363,"column":51}},"112":{"start":{"line":366,"column":24},"end":{"line":366,"column":64}},"113":{"start":{"line":367,"column":4},"end":{"line":369,"column":5}},"114":{"start":{"line":368,"column":6},"end":{"line":368,"column":66}},"115":{"start":{"line":371,"column":4},"end":{"line":371,"column":59}},"116":{"start":{"line":373,"column":4},"end":{"line":373,"column":48}},"117":{"start":{"line":374,"column":4},"end":{"line":374,"column":81}},"118":{"start":{"line":402,"column":0},"end":{"line":425,"column":3}},"119":{"start":{"line":403,"column":2},"end":{"line":424,"column":3}},"120":{"start":{"line":404,"column":45},"end":{"line":404,"column":53}},"121":{"start":{"line":405,"column":17},"end":{"line":405,"column":48}},"122":{"start":{"line":406,"column":4},"end":{"line":406,"column":75}},"123":{"start":{"line":406,"column":15},"end":{"line":406,"column":75}},"124":{"start":{"line":408,"column":20},"end":{"line":408,"column":63}},"125":{"start":{"line":409,"column":4},"end":{"line":411,"column":5}},"126":{"start":{"line":410,"column":6},"end":{"line":410,"column":78}},"127":{"start":{"line":413,"column":4},"end":{"line":415,"column":5}},"128":{"start":{"line":414,"column":6},"end":{"line":414,"column":90}},"129":{"start":{"line":417,"column":4},"end":{"line":417,"column":32}},"130":{"start":{"line":418,"column":4},"end":{"line":418,"column":22}},"131":{"start":{"line":420,"column":4},"end":{"line":420,"column":60}},"132":{"start":{"line":422,"column":4},"end":{"line":422,"column":49}},"133":{"start":{"line":423,"column":4},"end":{"line":423,"column":55}},"134":{"start":{"line":439,"column":0},"end":{"line":461,"column":3}},"135":{"start":{"line":440,"column":2},"end":{"line":460,"column":5}},"136":{"start":{"line":441,"column":4},"end":{"line":443,"column":5}},"137":{"start":{"line":442,"column":6},"end":{"line":442,"column":80}},"138":{"start":{"line":444,"column":4},"end":{"line":446,"column":5}},"139":{"start":{"line":445,"column":6},"end":{"line":445,"column":68}},"140":{"start":{"line":447,"column":4},"end":{"line":459,"column":5}},"141":{"start":{"line":448,"column":19},"end":{"line":448,"column":50}},"142":{"start":{"line":449,"column":6},"end":{"line":449,"column":77}},"143":{"start":{"line":449,"column":17},"end":{"line":449,"column":77}},"144":{"start":{"line":451,"column":25},"end":{"line":451,"column":56}},"145":{"start":{"line":452,"column":6},"end":{"line":452,"column":32}},"146":{"start":{"line":453,"column":6},"end":{"line":453,"column":24}},"147":{"start":{"line":455,"column":6},"end":{"line":455,"column":31}},"148":{"start":{"line":457,"column":6},"end":{"line":457,"column":53}},"149":{"start":{"line":458,"column":6},"end":{"line":458,"column":70}},"150":{"start":{"line":485,"column":20},"end":{"line":485,"column":29}},"151":{"start":{"line":487,"column":0},"end":{"line":525,"column":3}},"152":{"start":{"line":488,"column":2},"end":{"line":524,"column":3}},"153":{"start":{"line":489,"column":31},"end":{"line":489,"column":39}},"154":{"start":{"line":491,"column":4},"end":{"line":493,"column":5}},"155":{"start":{"line":492,"column":6},"end":{"line":492,"column":88}},"156":{"start":{"line":495,"column":22},"end":{"line":495,"column":41}},"157":{"start":{"line":496,"column":4},"end":{"line":508,"column":5}},"158":{"start":{"line":497,"column":25},"end":{"line":497,"column":56}},"159":{"start":{"line":498,"column":20},"end":{"line":498,"column":81}},"160":{"start":{"line":499,"column":6},"end":{"line":499,"column":87}},"161":{"start":{"line":499,"column":18},"end":{"line":499,"column":87}},"162":{"start":{"line":500,"column":6},"end":{"line":507,"column":7}},"163":{"start":{"line":501,"column":24},"end":{"line":501,"column":85}},"164":{"start":{"line":502,"column":21},"end":{"line":502,"column":72}},"165":{"start":{"line":503,"column":8},"end":{"line":503,"column":79}},"166":{"start":{"line":503,"column":19},"end":{"line":503,"column":79}},"167":{"start":{"line":504,"column":8},"end":{"line":504,"column":33}},"168":{"start":{"line":506,"column":8},"end":{"line":506,"column":78}},"169":{"start":{"line":510,"column":21},"end":{"line":510,"column":49}},"170":{"start":{"line":511,"column":4},"end":{"line":514,"column":5}},"171":{"start":{"line":512,"column":19},"end":{"line":512,"column":71}},"172":{"start":{"line":513,"column":6},"end":{"line":513,"column":101}},"173":{"start":{"line":516,"column":16},"end":{"line":516,"column":53}},"174":{"start":{"line":517,"column":4},"end":{"line":517,"column":50}},"175":{"start":{"line":518,"column":4},"end":{"line":518,"column":45}},"176":{"start":{"line":520,"column":4},"end":{"line":520,"column":67}},"177":{"start":{"line":522,"column":4},"end":{"line":522,"column":42}},"178":{"start":{"line":523,"column":4},"end":{"line":523,"column":99}},"179":{"start":{"line":551,"column":0},"end":{"line":569,"column":3}},"180":{"start":{"line":552,"column":2},"end":{"line":568,"column":3}},"181":{"start":{"line":553,"column":36},"end":{"line":553,"column":44}},"182":{"start":{"line":555,"column":4},"end":{"line":557,"column":5}},"183":{"start":{"line":556,"column":6},"end":{"line":556,"column":88}},"184":{"start":{"line":559,"column":19},"end":{"line":559,"column":69}},"185":{"start":{"line":560,"column":4},"end":{"line":562,"column":5}},"186":{"start":{"line":561,"column":6},"end":{"line":561,"column":62}},"187":{"start":{"line":564,"column":4},"end":{"line":564,"column":74}},"188":{"start":{"line":566,"column":4},"end":{"line":566,"column":44}},"189":{"start":{"line":567,"column":4},"end":{"line":567,"column":75}},"190":{"start":{"line":571,"column":0},"end":{"line":571,"column":24}}},"fnMap":{"0":{"name":"(anonymous_0)","decl":{"start":{"line":13,"column":15},"end":{"line":13,"column":16}},"loc":{"start":{"line":13,"column":34},"end":{"line":15,"column":3}},"line":13},"1":{"name":"(anonymous_1)","decl":{"start":{"line":16,"column":12},"end":{"line":16,"column":13}},"loc":{"start":{"line":16,"column":31},"end":{"line":19,"column":3}},"line":16},"2":{"name":"(anonymous_2)","decl":{"start":{"line":22,"column":19},"end":{"line":22,"column":20}},"loc":{"start":{"line":22,"column":38},"end":{"line":28,"column":1}},"line":22},"3":{"name":"(anonymous_3)","decl":{"start":{"line":39,"column":23},"end":{"line":39,"column":24}},"loc":{"start":{"line":39,"column":35},"end":{"line":43,"column":1}},"line":39},"4":{"name":"(anonymous_4)","decl":{"start":{"line":79,"column":25},"end":{"line":79,"column":26}},"loc":{"start":{"line":79,"column":45},"end":{"line":116,"column":1}},"line":79},"5":{"name":"(anonymous_5)","decl":{"start":{"line":146,"column":22},"end":{"line":146,"column":23}},"loc":{"start":{"line":146,"column":42},"end":{"line":179,"column":1}},"line":146},"6":{"name":"(anonymous_6)","decl":{"start":{"line":204,"column":24},"end":{"line":204,"column":25}},"loc":{"start":{"line":204,"column":44},"end":{"line":237,"column":1}},"line":204},"7":{"name":"(anonymous_7)","decl":{"start":{"line":253,"column":36},"end":{"line":253,"column":37}},"loc":{"start":{"line":253,"column":56},"end":{"line":261,"column":1}},"line":253},"8":{"name":"(anonymous_8)","decl":{"start":{"line":277,"column":31},"end":{"line":277,"column":32}},"loc":{"start":{"line":277,"column":51},"end":{"line":288,"column":1}},"line":277},"9":{"name":"(anonymous_9)","decl":{"start":{"line":312,"column":31},"end":{"line":312,"column":32}},"loc":{"start":{"line":312,"column":51},"end":{"line":327,"column":1}},"line":312},"10":{"name":"(anonymous_10)","decl":{"start":{"line":352,"column":34},"end":{"line":352,"column":35}},"loc":{"start":{"line":352,"column":54},"end":{"line":376,"column":1}},"line":352},"11":{"name":"(anonymous_11)","decl":{"start":{"line":402,"column":40},"end":{"line":402,"column":41}},"loc":{"start":{"line":402,"column":60},"end":{"line":425,"column":1}},"line":402},"12":{"name":"(anonymous_12)","decl":{"start":{"line":439,"column":42},"end":{"line":439,"column":43}},"loc":{"start":{"line":439,"column":56},"end":{"line":461,"column":1}},"line":439},"13":{"name":"(anonymous_13)","decl":{"start":{"line":440,"column":35},"end":{"line":440,"column":36}},"loc":{"start":{"line":440,"column":50},"end":{"line":460,"column":3}},"line":440},"14":{"name":"(anonymous_14)","decl":{"start":{"line":487,"column":25},"end":{"line":487,"column":26}},"loc":{"start":{"line":487,"column":45},"end":{"line":525,"column":1}},"line":487},"15":{"name":"(anonymous_15)","decl":{"start":{"line":551,"column":27},"end":{"line":551,"column":28}},"loc":{"start":{"line":551,"column":47},"end":{"line":569,"column":1}},"line":551}},"branchMap":{"0":{"loc":{"start":{"line":23,"column":2},"end":{"line":27,"column":3}},"type":"if","locations":[{"start":{"line":23,"column":2},"end":{"line":27,"column":3}},{"start":{"line":25,"column":9},"end":{"line":27,"column":3}}],"line":23},"1":{"loc":{"start":{"line":41,"column":44},"end":{"line":41,"column":99}},"type":"binary-expr","locations":[{"start":{"line":41,"column":44},"end":{"line":41,"column":70}},{"start":{"line":41,"column":74},"end":{"line":41,"column":99}}],"line":41},"2":{"loc":{"start":{"line":83,"column":4},"end":{"line":85,"column":5}},"type":"if","locations":[{"start":{"line":83,"column":4},"end":{"line":85,"column":5}},{"start":{},"end":{}}],"line":83},"3":{"loc":{"start":{"line":87,"column":4},"end":{"line":89,"column":5}},"type":"if","locations":[{"start":{"line":87,"column":4},"end":{"line":89,"column":5}},{"start":{},"end":{}}],"line":87},"4":{"loc":{"start":{"line":87,"column":8},"end":{"line":87,"column":36}},"type":"binary-expr","locations":[{"start":{"line":87,"column":8},"end":{"line":87,"column":13}},{"start":{"line":87,"column":17},"end":{"line":87,"column":23}},{"start":{"line":87,"column":27},"end":{"line":87,"column":36}}],"line":87},"5":{"loc":{"start":{"line":91,"column":4},"end":{"line":93,"column":5}},"type":"if","locations":[{"start":{"line":91,"column":4},"end":{"line":93,"column":5}},{"start":{},"end":{}}],"line":91},"6":{"loc":{"start":{"line":96,"column":4},"end":{"line":98,"column":5}},"type":"if","locations":[{"start":{"line":96,"column":4},"end":{"line":98,"column":5}},{"start":{},"end":{}}],"line":96},"7":{"loc":{"start":{"line":150,"column":4},"end":{"line":152,"column":5}},"type":"if","locations":[{"start":{"line":150,"column":4},"end":{"line":152,"column":5}},{"start":{},"end":{}}],"line":150},"8":{"loc":{"start":{"line":150,"column":8},"end":{"line":150,"column":27}},"type":"binary-expr","locations":[{"start":{"line":150,"column":8},"end":{"line":150,"column":14}},{"start":{"line":150,"column":18},"end":{"line":150,"column":27}}],"line":150},"9":{"loc":{"start":{"line":155,"column":4},"end":{"line":157,"column":5}},"type":"if","locations":[{"start":{"line":155,"column":4},"end":{"line":157,"column":5}},{"start":{},"end":{}}],"line":155},"10":{"loc":{"start":{"line":160,"column":4},"end":{"line":162,"column":5}},"type":"if","locations":[{"start":{"line":160,"column":4},"end":{"line":162,"column":5}},{"start":{},"end":{}}],"line":160},"11":{"loc":{"start":{"line":207,"column":4},"end":{"line":209,"column":5}},"type":"if","locations":[{"start":{"line":207,"column":4},"end":{"line":209,"column":5}},{"start":{},"end":{}}],"line":207},"12":{"loc":{"start":{"line":213,"column":41},"end":{"line":213,"column":96}},"type":"binary-expr","locations":[{"start":{"line":213,"column":41},"end":{"line":213,"column":67}},{"start":{"line":213,"column":71},"end":{"line":213,"column":96}}],"line":213},"13":{"loc":{"start":{"line":220,"column":4},"end":{"line":222,"column":5}},"type":"if","locations":[{"start":{"line":220,"column":4},"end":{"line":222,"column":5}},{"start":{},"end":{}}],"line":220},"14":{"loc":{"start":{"line":220,"column":8},"end":{"line":220,"column":53}},"type":"binary-expr","locations":[{"start":{"line":220,"column":8},"end":{"line":220,"column":13}},{"start":{"line":220,"column":17},"end":{"line":220,"column":53}}],"line":220},"15":{"loc":{"start":{"line":280,"column":4},"end":{"line":282,"column":5}},"type":"if","locations":[{"start":{"line":280,"column":4},"end":{"line":282,"column":5}},{"start":{},"end":{}}],"line":280},"16":{"loc":{"start":{"line":315,"column":4},"end":{"line":315,"column":75}},"type":"if","locations":[{"start":{"line":315,"column":4},"end":{"line":315,"column":75}},{"start":{},"end":{}}],"line":315},"17":{"loc":{"start":{"line":317,"column":4},"end":{"line":319,"column":5}},"type":"if","locations":[{"start":{"line":317,"column":4},"end":{"line":319,"column":5}},{"start":{},"end":{}}],"line":317},"18":{"loc":{"start":{"line":356,"column":4},"end":{"line":358,"column":5}},"type":"if","locations":[{"start":{"line":356,"column":4},"end":{"line":358,"column":5}},{"start":{},"end":{}}],"line":356},"19":{"loc":{"start":{"line":367,"column":4},"end":{"line":369,"column":5}},"type":"if","locations":[{"start":{"line":367,"column":4},"end":{"line":369,"column":5}},{"start":{},"end":{}}],"line":367},"20":{"loc":{"start":{"line":406,"column":4},"end":{"line":406,"column":75}},"type":"if","locations":[{"start":{"line":406,"column":4},"end":{"line":406,"column":75}},{"start":{},"end":{}}],"line":406},"21":{"loc":{"start":{"line":409,"column":4},"end":{"line":411,"column":5}},"type":"if","locations":[{"start":{"line":409,"column":4},"end":{"line":411,"column":5}},{"start":{},"end":{}}],"line":409},"22":{"loc":{"start":{"line":413,"column":4},"end":{"line":415,"column":5}},"type":"if","locations":[{"start":{"line":413,"column":4},"end":{"line":415,"column":5}},{"start":{},"end":{}}],"line":413},"23":{"loc":{"start":{"line":441,"column":4},"end":{"line":443,"column":5}},"type":"if","locations":[{"start":{"line":441,"column":4},"end":{"line":443,"column":5}},{"start":{},"end":{}}],"line":441},"24":{"loc":{"start":{"line":442,"column":45},"end":{"line":442,"column":76}},"type":"binary-expr","locations":[{"start":{"line":442,"column":45},"end":{"line":442,"column":56}},{"start":{"line":442,"column":60},"end":{"line":442,"column":76}}],"line":442},"25":{"loc":{"start":{"line":444,"column":4},"end":{"line":446,"column":5}},"type":"if","locations":[{"start":{"line":444,"column":4},"end":{"line":446,"column":5}},{"start":{},"end":{}}],"line":444},"26":{"loc":{"start":{"line":449,"column":6},"end":{"line":449,"column":77}},"type":"if","locations":[{"start":{"line":449,"column":6},"end":{"line":449,"column":77}},{"start":{},"end":{}}],"line":449},"27":{"loc":{"start":{"line":491,"column":4},"end":{"line":493,"column":5}},"type":"if","locations":[{"start":{"line":491,"column":4},"end":{"line":493,"column":5}},{"start":{},"end":{}}],"line":491},"28":{"loc":{"start":{"line":491,"column":8},"end":{"line":491,"column":59}},"type":"binary-expr","locations":[{"start":{"line":491,"column":8},"end":{"line":491,"column":14}},{"start":{"line":491,"column":18},"end":{"line":491,"column":59}}],"line":491},"29":{"loc":{"start":{"line":496,"column":4},"end":{"line":508,"column":5}},"type":"if","locations":[{"start":{"line":496,"column":4},"end":{"line":508,"column":5}},{"start":{},"end":{}}],"line":496},"30":{"loc":{"start":{"line":497,"column":25},"end":{"line":497,"column":56}},"type":"binary-expr","locations":[{"start":{"line":497,"column":25},"end":{"line":497,"column":50}},{"start":{"line":497,"column":54},"end":{"line":497,"column":56}}],"line":497},"31":{"loc":{"start":{"line":498,"column":20},"end":{"line":498,"column":81}},"type":"cond-expr","locations":[{"start":{"line":498,"column":55},"end":{"line":498,"column":74}},{"start":{"line":498,"column":77},"end":{"line":498,"column":81}}],"line":498},"32":{"loc":{"start":{"line":499,"column":6},"end":{"line":499,"column":87}},"type":"if","locations":[{"start":{"line":499,"column":6},"end":{"line":499,"column":87}},{"start":{},"end":{}}],"line":499},"33":{"loc":{"start":{"line":503,"column":8},"end":{"line":503,"column":79}},"type":"if","locations":[{"start":{"line":503,"column":8},"end":{"line":503,"column":79}},{"start":{},"end":{}}],"line":503},"34":{"loc":{"start":{"line":511,"column":4},"end":{"line":514,"column":5}},"type":"if","locations":[{"start":{"line":511,"column":4},"end":{"line":514,"column":5}},{"start":{},"end":{}}],"line":511},"35":{"loc":{"start":{"line":511,"column":8},"end":{"line":511,"column":50}},"type":"binary-expr","locations":[{"start":{"line":511,"column":8},"end":{"line":511,"column":16}},{"start":{"line":511,"column":20},"end":{"line":511,"column":50}}],"line":511},"36":{"loc":{"start":{"line":555,"column":4},"end":{"line":557,"column":5}},"type":"if","locations":[{"start":{"line":555,"column":4},"end":{"line":557,"column":5}},{"start":{},"end":{}}],"line":555},"37":{"loc":{"start":{"line":555,"column":8},"end":{"line":555,"column":34}},"type":"binary-expr","locations":[{"start":{"line":555,"column":8},"end":{"line":555,"column":14}},{"start":{"line":555,"column":18},"end":{"line":555,"column":22}},{"start":{"line":555,"column":26},"end":{"line":555,"column":34}}],"line":555},"38":{"loc":{"start":{"line":560,"column":4},"end":{"line":562,"column":5}},"type":"if","locations":[{"start":{"line":560,"column":4},"end":{"line":562,"column":5}},{"start":{},"end":{}}],"line":560}},"s":{"0":1,"1":1,"2":1,"3":1,"4":1,"5":1,"6":1,"7":1,"8":1,"9":1,"10":0,"11":0,"12":0,"13":1,"14":0,"15":0,"16":0,"17":1,"18":1,"19":1,"20":4,"21":4,"22":4,"23":1,"24":5,"25":5,"26":5,"27":0,"28":5,"29":1,"30":4,"31":0,"32":4,"33":4,"34":1,"35":3,"36":3,"37":3,"38":3,"39":3,"40":3,"41":0,"42":0,"43":1,"44":3,"45":3,"46":3,"47":0,"48":3,"49":3,"50":1,"51":2,"52":2,"53":1,"54":1,"55":1,"56":1,"57":1,"58":1,"59":0,"60":0,"61":1,"62":0,"63":0,"64":0,"65":0,"66":0,"67":0,"68":0,"69":0,"70":0,"71":0,"72":0,"73":0,"74":0,"75":0,"76":0,"77":0,"78":0,"79":0,"80":1,"81":0,"82":0,"83":0,"84":0,"85":0,"86":1,"87":1,"88":1,"89":1,"90":0,"91":1,"92":0,"93":0,"94":1,"95":0,"96":0,"97":0,"98":0,"99":0,"100":0,"101":0,"102":0,"103":0,"104":0,"105":1,"106":0,"107":0,"108":0,"109":0,"110":0,"111":0,"112":0,"113":0,"114":0,"115":0,"116":0,"117":0,"118":1,"119":0,"120":0,"121":0,"122":0,"123":0,"124":0,"125":0,"126":0,"127":0,"128":0,"129":0,"130":0,"131":0,"132":0,"133":0,"134":1,"135":0,"136":0,"137":0,"138":0,"139":0,"140":0,"141":0,"142":0,"143":0,"144":0,"145":0,"146":0,"147":0,"148":0,"149":0,"150":1,"151":1,"152":0,"153":0,"154":0,"155":0,"156":0,"157":0,"158":0,"159":0,"160":0,"161":0,"162":0,"163":0,"164":0,"165":0,"166":0,"167":0,"168":0,"169":0,"170":0,"171":0,"172":0,"173":0,"174":0,"175":0,"176":0,"177":0,"178":0,"179":1,"180":0,"181":0,"182":0,"183":0,"184":0,"185":0,"186":0,"187":0,"188":0,"189":0,"190":1},"f":{"0":0,"1":0,"2":0,"3":4,"4":5,"5":3,"6":0,"7":0,"8":1,"9":0,"10":0,"11":0,"12":0,"13":0,"14":0,"15":0},"b":{"0":[0,0],"1":[4,0],"2":[0,5],"3":[1,4],"4":[5,4,4],"5":[0,4],"6":[1,3],"7":[0,3],"8":[3,3],"9":[1,2],"10":[1,1],"11":[0,0],"12":[0,0],"13":[0,0],"14":[0,0],"15":[0,1],"16":[0,0],"17":[0,0],"18":[0,0],"19":[0,0],"20":[0,0],"21":[0,0],"22":[0,0],"23":[0,0],"24":[0,0],"25":[0,0],"26":[0,0],"27":[0,0],"28":[0,0],"29":[0,0],"30":[0,0],"31":[0,0],"32":[0,0],"33":[0,0],"34":[0,0],"35":[0,0],"36":[0,0],"37":[0,0,0],"38":[0,0]},"_coverageSchema":"1a1c01bbd47fc00a2c39e90264f33305004495a9","hash":"912e91304cba2e7ac22b6fe9f033abb23b1a9960"}
,"C:\\Users\\ankes\\OneDrive\\Desktop\\TravelSync\\server\\routes\\trips.js": {"path":"C:\\Users\\ankes\\OneDrive\\Desktop\\TravelSync\\server\\routes\\trips.js","statementMap":{"0":{"start":{"line":1,"column":16},"end":{"line":1,"column":34}},"1":{"start":{"line":2,"column":15},"end":{"line":2,"column":31}},"2":{"start":{"line":3,"column":13},"end":{"line":3,"column":38}},"3":{"start":{"line":4,"column":13},"end":{"line":4,"column":38}},"4":{"start":{"line":5,"column":24},"end":{"line":5,"column":53}},"5":{"start":{"line":6,"column":18},"end":{"line":6,"column":38}},"6":{"start":{"line":7,"column":20},"end":{"line":7,"column":51}},"7":{"start":{"line":10,"column":28},"end":{"line":24,"column":1}},"8":{"start":{"line":11,"column":2},"end":{"line":23,"column":3}},"9":{"start":{"line":12,"column":17},"end":{"line":12,"column":55}},"10":{"start":{"line":13,"column":4},"end":{"line":13,"column":74}},"11":{"start":{"line":13,"column":15},"end":{"line":13,"column":74}},"12":{"start":{"line":15,"column":4},"end":{"line":17,"column":5}},"13":{"start":{"line":15,"column":74},"end":{"line":15,"column":101}},"14":{"start":{"line":16,"column":6},"end":{"line":16,"column":64}},"15":{"start":{"line":19,"column":4},"end":{"line":19,"column":20}},"16":{"start":{"line":20,"column":4},"end":{"line":20,"column":11}},"17":{"start":{"line":22,"column":4},"end":{"line":22,"column":51}},"18":{"start":{"line":40,"column":0},"end":{"line":71,"column":3}},"19":{"start":{"line":41,"column":2},"end":{"line":70,"column":3}},"20":{"start":{"line":42,"column":17},"end":{"line":42,"column":59}},"21":{"start":{"line":43,"column":18},"end":{"line":43,"column":77}},"22":{"start":{"line":44,"column":17},"end":{"line":44,"column":35}},"23":{"start":{"line":46,"column":18},"end":{"line":46,"column":77}},"24":{"start":{"line":48,"column":27},"end":{"line":55,"column":6}},"25":{"start":{"line":57,"column":4},"end":{"line":67,"column":7}},"26":{"start":{"line":69,"column":4},"end":{"line":69,"column":51}},"27":{"start":{"line":109,"column":0},"end":{"line":135,"column":3}},"28":{"start":{"line":110,"column":2},"end":{"line":134,"column":3}},"29":{"start":{"line":111,"column":54},"end":{"line":111,"column":62}},"30":{"start":{"line":112,"column":4},"end":{"line":114,"column":5}},"31":{"start":{"line":113,"column":6},"end":{"line":113,"column":109}},"32":{"start":{"line":115,"column":4},"end":{"line":117,"column":5}},"33":{"start":{"line":116,"column":6},"end":{"line":116,"column":93}},"34":{"start":{"line":118,"column":4},"end":{"line":120,"column":5}},"35":{"start":{"line":119,"column":6},"end":{"line":119,"column":89}},"36":{"start":{"line":121,"column":20},"end":{"line":128,"column":6}},"37":{"start":{"line":130,"column":22},"end":{"line":130,"column":42}},"38":{"start":{"line":131,"column":4},"end":{"line":131,"column":36}},"39":{"start":{"line":133,"column":4},"end":{"line":133,"column":51}},"40":{"start":{"line":161,"column":0},"end":{"line":175,"column":3}},"41":{"start":{"line":162,"column":2},"end":{"line":174,"column":3}},"42":{"start":{"line":163,"column":17},"end":{"line":163,"column":55}},"43":{"start":{"line":164,"column":4},"end":{"line":164,"column":74}},"44":{"start":{"line":164,"column":15},"end":{"line":164,"column":74}},"45":{"start":{"line":166,"column":4},"end":{"line":168,"column":5}},"46":{"start":{"line":166,"column":74},"end":{"line":166,"column":101}},"47":{"start":{"line":167,"column":6},"end":{"line":167,"column":64}},"48":{"start":{"line":170,"column":26},"end":{"line":170,"column":132}},"49":{"start":{"line":171,"column":4},"end":{"line":171,"column":36}},"50":{"start":{"line":173,"column":4},"end":{"line":173,"column":51}},"51":{"start":{"line":212,"column":0},"end":{"line":252,"column":3}},"52":{"start":{"line":213,"column":2},"end":{"line":251,"column":3}},"53":{"start":{"line":214,"column":22},"end":{"line":214,"column":30}},"54":{"start":{"line":215,"column":4},"end":{"line":217,"column":5}},"55":{"start":{"line":216,"column":6},"end":{"line":216,"column":68}},"56":{"start":{"line":219,"column":17},"end":{"line":219,"column":55}},"57":{"start":{"line":220,"column":4},"end":{"line":220,"column":74}},"58":{"start":{"line":220,"column":15},"end":{"line":220,"column":74}},"59":{"start":{"line":222,"column":4},"end":{"line":224,"column":5}},"60":{"start":{"line":223,"column":6},"end":{"line":223,"column":89}},"61":{"start":{"line":226,"column":17},"end":{"line":226,"column":67}},"62":{"start":{"line":227,"column":4},"end":{"line":229,"column":5}},"63":{"start":{"line":228,"column":6},"end":{"line":228,"column":80}},"64":{"start":{"line":231,"column":4},"end":{"line":233,"column":5}},"65":{"start":{"line":231,"column":31},"end":{"line":231,"column":67}},"66":{"start":{"line":232,"column":6},"end":{"line":232,"column":75}},"67":{"start":{"line":235,"column":4},"end":{"line":237,"column":5}},"68":{"start":{"line":236,"column":6},"end":{"line":236,"column":84}},"69":{"start":{"line":239,"column":4},"end":{"line":239,"column":32}},"70":{"start":{"line":240,"column":4},"end":{"line":240,"column":22}},"71":{"start":{"line":242,"column":4},"end":{"line":242,"column":85}},"72":{"start":{"line":244,"column":24},"end":{"line":244,"column":130}},"73":{"start":{"line":246,"column":4},"end":{"line":246,"column":72}},"74":{"start":{"line":248,"column":4},"end":{"line":248,"column":38}},"75":{"start":{"line":250,"column":4},"end":{"line":250,"column":51}},"76":{"start":{"line":283,"column":0},"end":{"line":309,"column":3}},"77":{"start":{"line":284,"column":2},"end":{"line":308,"column":3}},"78":{"start":{"line":285,"column":17},"end":{"line":285,"column":55}},"79":{"start":{"line":286,"column":4},"end":{"line":286,"column":74}},"80":{"start":{"line":286,"column":15},"end":{"line":286,"column":74}},"81":{"start":{"line":288,"column":4},"end":{"line":290,"column":5}},"82":{"start":{"line":289,"column":6},"end":{"line":289,"column":89}},"83":{"start":{"line":292,"column":4},"end":{"line":294,"column":5}},"84":{"start":{"line":293,"column":6},"end":{"line":293,"column":79}},"85":{"start":{"line":296,"column":24},"end":{"line":296,"column":62}},"86":{"start":{"line":297,"column":25},"end":{"line":297,"column":68}},"87":{"start":{"line":299,"column":4},"end":{"line":299,"column":94}},"88":{"start":{"line":299,"column":51},"end":{"line":299,"column":92}},"89":{"start":{"line":300,"column":4},"end":{"line":300,"column":22}},"90":{"start":{"line":302,"column":4},"end":{"line":302,"column":87}},"91":{"start":{"line":304,"column":24},"end":{"line":304,"column":130}},"92":{"start":{"line":305,"column":4},"end":{"line":305,"column":38}},"93":{"start":{"line":307,"column":4},"end":{"line":307,"column":51}},"94":{"start":{"line":331,"column":0},"end":{"line":337,"column":3}},"95":{"start":{"line":332,"column":2},"end":{"line":336,"column":3}},"96":{"start":{"line":333,"column":4},"end":{"line":333,"column":30}},"97":{"start":{"line":335,"column":4},"end":{"line":335,"column":51}},"98":{"start":{"line":383,"column":0},"end":{"line":402,"column":3}},"99":{"start":{"line":384,"column":2},"end":{"line":401,"column":3}},"100":{"start":{"line":385,"column":63},"end":{"line":385,"column":71}},"101":{"start":{"line":387,"column":21},"end":{"line":387,"column":71}},"102":{"start":{"line":388,"column":4},"end":{"line":388,"column":35}},"103":{"start":{"line":390,"column":4},"end":{"line":390,"column":26}},"104":{"start":{"line":392,"column":25},"end":{"line":392,"column":68}},"105":{"start":{"line":394,"column":4},"end":{"line":394,"column":119}},"106":{"start":{"line":396,"column":4},"end":{"line":396,"column":78}},"107":{"start":{"line":398,"column":4},"end":{"line":398,"column":39}},"108":{"start":{"line":400,"column":4},"end":{"line":400,"column":51}},"109":{"start":{"line":429,"column":0},"end":{"line":446,"column":3}},"110":{"start":{"line":430,"column":2},"end":{"line":445,"column":3}},"111":{"start":{"line":431,"column":23},"end":{"line":431,"column":94}},"112":{"start":{"line":431,"column":54},"end":{"line":431,"column":93}},"113":{"start":{"line":432,"column":4},"end":{"line":432,"column":87}},"114":{"start":{"line":432,"column":27},"end":{"line":432,"column":87}},"115":{"start":{"line":434,"column":18},"end":{"line":434,"column":45}},"116":{"start":{"line":435,"column":4},"end":{"line":435,"column":42}},"117":{"start":{"line":436,"column":4},"end":{"line":436,"column":26}},"118":{"start":{"line":438,"column":4},"end":{"line":438,"column":84}},"119":{"start":{"line":440,"column":4},"end":{"line":440,"column":99}},"120":{"start":{"line":442,"column":4},"end":{"line":442,"column":43}},"121":{"start":{"line":444,"column":4},"end":{"line":444,"column":51}},"122":{"start":{"line":482,"column":0},"end":{"line":496,"column":3}},"123":{"start":{"line":483,"column":2},"end":{"line":495,"column":3}},"124":{"start":{"line":484,"column":18},"end":{"line":484,"column":56}},"125":{"start":{"line":485,"column":4},"end":{"line":485,"column":76}},"126":{"start":{"line":485,"column":16},"end":{"line":485,"column":76}},"127":{"start":{"line":487,"column":4},"end":{"line":487,"column":31}},"128":{"start":{"line":488,"column":4},"end":{"line":488,"column":26}},"129":{"start":{"line":490,"column":4},"end":{"line":490,"column":78}},"130":{"start":{"line":492,"column":4},"end":{"line":492,"column":20}},"131":{"start":{"line":494,"column":4},"end":{"line":494,"column":51}},"132":{"start":{"line":516,"column":0},"end":{"line":543,"column":3}},"133":{"start":{"line":517,"column":2},"end":{"line":542,"column":3}},"134":{"start":{"line":518,"column":20},"end":{"line":518,"column":28}},"135":{"start":{"line":520,"column":4},"end":{"line":526,"column":7}},"136":{"start":{"line":521,"column":20},"end":{"line":521,"column":54}},"137":{"start":{"line":522,"column":6},"end":{"line":525,"column":7}},"138":{"start":{"line":523,"column":8},"end":{"line":523,"column":79}},"139":{"start":{"line":523,"column":44},"end":{"line":523,"column":79}},"140":{"start":{"line":524,"column":8},"end":{"line":524,"column":82}},"141":{"start":{"line":524,"column":45},"end":{"line":524,"column":82}},"142":{"start":{"line":528,"column":4},"end":{"line":533,"column":7}},"143":{"start":{"line":529,"column":6},"end":{"line":531,"column":7}},"144":{"start":{"line":530,"column":8},"end":{"line":530,"column":43}},"145":{"start":{"line":532,"column":6},"end":{"line":532,"column":39}},"146":{"start":{"line":535,"column":4},"end":{"line":535,"column":26}},"147":{"start":{"line":537,"column":4},"end":{"line":537,"column":85}},"148":{"start":{"line":539,"column":4},"end":{"line":539,"column":30}},"149":{"start":{"line":541,"column":4},"end":{"line":541,"column":51}},"150":{"start":{"line":547,"column":30},"end":{"line":547,"column":67}},"151":{"start":{"line":567,"column":0},"end":{"line":603,"column":3}},"152":{"start":{"line":568,"column":2},"end":{"line":602,"column":3}},"153":{"start":{"line":569,"column":17},"end":{"line":569,"column":59}},"154":{"start":{"line":570,"column":18},"end":{"line":570,"column":77}},"155":{"start":{"line":571,"column":17},"end":{"line":571,"column":35}},"156":{"start":{"line":573,"column":17},"end":{"line":579,"column":6}},"157":{"start":{"line":581,"column":4},"end":{"line":581,"column":74}},"158":{"start":{"line":581,"column":15},"end":{"line":581,"column":74}},"159":{"start":{"line":583,"column":24},"end":{"line":585,"column":5}},"160":{"start":{"line":584,"column":16},"end":{"line":584,"column":61}},"161":{"start":{"line":586,"column":18},"end":{"line":586,"column":36}},"162":{"start":{"line":587,"column":30},"end":{"line":587,"column":67}},"163":{"start":{"line":589,"column":4},"end":{"line":599,"column":7}},"164":{"start":{"line":601,"column":4},"end":{"line":601,"column":51}},"165":{"start":{"line":649,"column":0},"end":{"line":694,"column":3}},"166":{"start":{"line":650,"column":2},"end":{"line":693,"column":3}},"167":{"start":{"line":651,"column":60},"end":{"line":651,"column":68}},"168":{"start":{"line":653,"column":4},"end":{"line":655,"column":5}},"169":{"start":{"line":654,"column":6},"end":{"line":654,"column":109}},"170":{"start":{"line":657,"column":25},"end":{"line":657,"column":98}},"171":{"start":{"line":657,"column":84},"end":{"line":657,"column":96}},"172":{"start":{"line":658,"column":27},"end":{"line":658,"column":97}},"173":{"start":{"line":658,"column":55},"end":{"line":658,"column":96}},"174":{"start":{"line":659,"column":4},"end":{"line":661,"column":5}},"175":{"start":{"line":660,"column":6},"end":{"line":660,"column":97}},"176":{"start":{"line":663,"column":23},"end":{"line":670,"column":5}},"177":{"start":{"line":672,"column":4},"end":{"line":672,"column":39}},"178":{"start":{"line":673,"column":4},"end":{"line":673,"column":26}},"179":{"start":{"line":675,"column":4},"end":{"line":675,"column":120}},"180":{"start":{"line":677,"column":26},"end":{"line":683,"column":6}},"181":{"start":{"line":685,"column":25},"end":{"line":685,"column":82}},"182":{"start":{"line":687,"column":4},"end":{"line":687,"column":80}},"183":{"start":{"line":689,"column":4},"end":{"line":689,"column":39}},"184":{"start":{"line":691,"column":4},"end":{"line":691,"column":45}},"185":{"start":{"line":692,"column":4},"end":{"line":692,"column":51}},"186":{"start":{"line":721,"column":0},"end":{"line":743,"column":3}},"187":{"start":{"line":722,"column":2},"end":{"line":742,"column":3}},"188":{"start":{"line":723,"column":25},"end":{"line":723,"column":100}},"189":{"start":{"line":723,"column":58},"end":{"line":723,"column":99}},"190":{"start":{"line":724,"column":4},"end":{"line":724,"column":91}},"191":{"start":{"line":724,"column":29},"end":{"line":724,"column":91}},"192":{"start":{"line":726,"column":20},"end":{"line":726,"column":51}},"193":{"start":{"line":728,"column":4},"end":{"line":730,"column":5}},"194":{"start":{"line":729,"column":6},"end":{"line":729,"column":100}},"195":{"start":{"line":732,"column":4},"end":{"line":732,"column":46}},"196":{"start":{"line":733,"column":4},"end":{"line":733,"column":26}},"197":{"start":{"line":735,"column":4},"end":{"line":735,"column":90}},"198":{"start":{"line":737,"column":4},"end":{"line":737,"column":105}},"199":{"start":{"line":739,"column":4},"end":{"line":739,"column":45}},"200":{"start":{"line":741,"column":4},"end":{"line":741,"column":51}},"201":{"start":{"line":763,"column":0},"end":{"line":792,"column":3}},"202":{"start":{"line":764,"column":2},"end":{"line":791,"column":3}},"203":{"start":{"line":765,"column":17},"end":{"line":777,"column":6}},"204":{"start":{"line":779,"column":4},"end":{"line":779,"column":74}},"205":{"start":{"line":779,"column":15},"end":{"line":779,"column":74}},"206":{"start":{"line":781,"column":23},"end":{"line":781,"column":54}},"207":{"start":{"line":782,"column":60},"end":{"line":782,"column":104}},"208":{"start":{"line":784,"column":4},"end":{"line":788,"column":7}},"209":{"start":{"line":790,"column":4},"end":{"line":790,"column":51}},"210":{"start":{"line":827,"column":0},"end":{"line":909,"column":3}},"211":{"start":{"line":828,"column":2},"end":{"line":908,"column":3}},"212":{"start":{"line":829,"column":17},"end":{"line":829,"column":83}},"213":{"start":{"line":830,"column":4},"end":{"line":830,"column":74}},"214":{"start":{"line":830,"column":15},"end":{"line":830,"column":74}},"215":{"start":{"line":832,"column":24},"end":{"line":832,"column":64}},"216":{"start":{"line":832,"column":46},"end":{"line":832,"column":52}},"217":{"start":{"line":833,"column":27},"end":{"line":833,"column":74}},"218":{"start":{"line":833,"column":56},"end":{"line":833,"column":62}},"219":{"start":{"line":834,"column":21},"end":{"line":836,"column":9}},"220":{"start":{"line":838,"column":19},"end":{"line":867,"column":2}},"221":{"start":{"line":869,"column":20},"end":{"line":881,"column":6}},"222":{"start":{"line":883,"column":21},"end":{"line":883,"column":41}},"223":{"start":{"line":884,"column":16},"end":{"line":884,"column":63}},"224":{"start":{"line":887,"column":4},"end":{"line":896,"column":5}},"225":{"start":{"line":888,"column":6},"end":{"line":888,"column":36}},"226":{"start":{"line":890,"column":6},"end":{"line":895,"column":7}},"227":{"start":{"line":891,"column":25},"end":{"line":891,"column":92}},"228":{"start":{"line":892,"column":8},"end":{"line":892,"column":43}},"229":{"start":{"line":894,"column":8},"end":{"line":894,"column":68}},"230":{"start":{"line":898,"column":4},"end":{"line":905,"column":7}},"231":{"start":{"line":907,"column":4},"end":{"line":907,"column":14}},"232":{"start":{"line":933,"column":0},"end":{"line":955,"column":3}},"233":{"start":{"line":934,"column":2},"end":{"line":954,"column":3}},"234":{"start":{"line":935,"column":17},"end":{"line":935,"column":55}},"235":{"start":{"line":936,"column":4},"end":{"line":936,"column":74}},"236":{"start":{"line":936,"column":15},"end":{"line":936,"column":74}},"237":{"start":{"line":938,"column":4},"end":{"line":940,"column":5}},"238":{"start":{"line":938,"column":74},"end":{"line":938,"column":101}},"239":{"start":{"line":939,"column":6},"end":{"line":939,"column":64}},"240":{"start":{"line":942,"column":26},"end":{"line":945,"column":6}},"241":{"start":{"line":947,"column":23},"end":{"line":949,"column":19}},"242":{"start":{"line":948,"column":22},"end":{"line":948,"column":67}},"243":{"start":{"line":951,"column":4},"end":{"line":951,"column":25}},"244":{"start":{"line":953,"column":4},"end":{"line":953,"column":51}},"245":{"start":{"line":981,"column":0},"end":{"line":996,"column":3}},"246":{"start":{"line":982,"column":2},"end":{"line":995,"column":3}},"247":{"start":{"line":983,"column":17},"end":{"line":985,"column":40}},"248":{"start":{"line":986,"column":4},"end":{"line":986,"column":74}},"249":{"start":{"line":986,"column":15},"end":{"line":986,"column":74}},"250":{"start":{"line":988,"column":4},"end":{"line":990,"column":5}},"251":{"start":{"line":988,"column":78},"end":{"line":988,"column":105}},"252":{"start":{"line":989,"column":6},"end":{"line":989,"column":64}},"253":{"start":{"line":992,"column":4},"end":{"line":992,"column":19}},"254":{"start":{"line":994,"column":4},"end":{"line":994,"column":51}},"255":{"start":{"line":1037,"column":0},"end":{"line":1057,"column":3}},"256":{"start":{"line":1038,"column":2},"end":{"line":1056,"column":3}},"257":{"start":{"line":1039,"column":17},"end":{"line":1039,"column":51}},"258":{"start":{"line":1040,"column":4},"end":{"line":1040,"column":74}},"259":{"start":{"line":1040,"column":15},"end":{"line":1040,"column":74}},"260":{"start":{"line":1042,"column":4},"end":{"line":1044,"column":5}},"261":{"start":{"line":1043,"column":6},"end":{"line":1043,"column":64}},"262":{"start":{"line":1046,"column":54},"end":{"line":1046,"column":62}},"263":{"start":{"line":1047,"column":4},"end":{"line":1047,"column":34}},"264":{"start":{"line":1048,"column":4},"end":{"line":1048,"column":55}},"265":{"start":{"line":1049,"column":4},"end":{"line":1049,"column":49}},"266":{"start":{"line":1050,"column":4},"end":{"line":1050,"column":43}},"267":{"start":{"line":1052,"column":24},"end":{"line":1052,"column":41}},"268":{"start":{"line":1053,"column":4},"end":{"line":1053,"column":26}},"269":{"start":{"line":1055,"column":4},"end":{"line":1055,"column":51}},"270":{"start":{"line":1081,"column":0},"end":{"line":1095,"column":3}},"271":{"start":{"line":1082,"column":2},"end":{"line":1094,"column":3}},"272":{"start":{"line":1083,"column":17},"end":{"line":1083,"column":51}},"273":{"start":{"line":1084,"column":4},"end":{"line":1084,"column":74}},"274":{"start":{"line":1084,"column":15},"end":{"line":1084,"column":74}},"275":{"start":{"line":1086,"column":4},"end":{"line":1088,"column":5}},"276":{"start":{"line":1087,"column":6},"end":{"line":1087,"column":94}},"277":{"start":{"line":1090,"column":4},"end":{"line":1090,"column":27}},"278":{"start":{"line":1091,"column":4},"end":{"line":1091,"column":42}},"279":{"start":{"line":1093,"column":4},"end":{"line":1093,"column":51}},"280":{"start":{"line":1097,"column":0},"end":{"line":1097,"column":24}}},"fnMap":{"0":{"name":"(anonymous_0)","decl":{"start":{"line":10,"column":28},"end":{"line":10,"column":29}},"loc":{"start":{"line":10,"column":54},"end":{"line":24,"column":1}},"line":10},"1":{"name":"(anonymous_1)","decl":{"start":{"line":15,"column":69},"end":{"line":15,"column":70}},"loc":{"start":{"line":15,"column":74},"end":{"line":15,"column":101}},"line":15},"2":{"name":"(anonymous_2)","decl":{"start":{"line":40,"column":29},"end":{"line":40,"column":30}},"loc":{"start":{"line":40,"column":49},"end":{"line":71,"column":1}},"line":40},"3":{"name":"(anonymous_3)","decl":{"start":{"line":109,"column":30},"end":{"line":109,"column":31}},"loc":{"start":{"line":109,"column":50},"end":{"line":135,"column":1}},"line":109},"4":{"name":"(anonymous_4)","decl":{"start":{"line":161,"column":44},"end":{"line":161,"column":45}},"loc":{"start":{"line":161,"column":64},"end":{"line":175,"column":1}},"line":161},"5":{"name":"(anonymous_5)","decl":{"start":{"line":166,"column":69},"end":{"line":166,"column":70}},"loc":{"start":{"line":166,"column":74},"end":{"line":166,"column":101}},"line":166},"6":{"name":"(anonymous_6)","decl":{"start":{"line":212,"column":45},"end":{"line":212,"column":46}},"loc":{"start":{"line":212,"column":65},"end":{"line":252,"column":1}},"line":212},"7":{"name":"(anonymous_7)","decl":{"start":{"line":231,"column":26},"end":{"line":231,"column":27}},"loc":{"start":{"line":231,"column":31},"end":{"line":231,"column":67}},"line":231},"8":{"name":"(anonymous_8)","decl":{"start":{"line":283,"column":55},"end":{"line":283,"column":56}},"loc":{"start":{"line":283,"column":75},"end":{"line":309,"column":1}},"line":283},"9":{"name":"(anonymous_9)","decl":{"start":{"line":299,"column":39},"end":{"line":299,"column":40}},"loc":{"start":{"line":299,"column":51},"end":{"line":299,"column":92}},"line":299},"10":{"name":"(anonymous_10)","decl":{"start":{"line":331,"column":64},"end":{"line":331,"column":65}},"loc":{"start":{"line":331,"column":84},"end":{"line":337,"column":1}},"line":331},"11":{"name":"(anonymous_11)","decl":{"start":{"line":383,"column":65},"end":{"line":383,"column":66}},"loc":{"start":{"line":383,"column":85},"end":{"line":402,"column":1}},"line":383},"12":{"name":"(anonymous_12)","decl":{"start":{"line":429,"column":76},"end":{"line":429,"column":77}},"loc":{"start":{"line":429,"column":96},"end":{"line":446,"column":1}},"line":429},"13":{"name":"(anonymous_13)","decl":{"start":{"line":431,"column":49},"end":{"line":431,"column":50}},"loc":{"start":{"line":431,"column":54},"end":{"line":431,"column":93}},"line":431},"14":{"name":"(anonymous_14)","decl":{"start":{"line":482,"column":80},"end":{"line":482,"column":81}},"loc":{"start":{"line":482,"column":100},"end":{"line":496,"column":1}},"line":482},"15":{"name":"(anonymous_15)","decl":{"start":{"line":516,"column":74},"end":{"line":516,"column":75}},"loc":{"start":{"line":516,"column":94},"end":{"line":543,"column":1}},"line":516},"16":{"name":"(anonymous_16)","decl":{"start":{"line":520,"column":20},"end":{"line":520,"column":21}},"loc":{"start":{"line":520,"column":30},"end":{"line":526,"column":5}},"line":520},"17":{"name":"(anonymous_17)","decl":{"start":{"line":528,"column":25},"end":{"line":528,"column":26}},"loc":{"start":{"line":528,"column":35},"end":{"line":533,"column":5}},"line":528},"18":{"name":"(anonymous_18)","decl":{"start":{"line":567,"column":66},"end":{"line":567,"column":67}},"loc":{"
[...]
,"C:\\Users\\ankes\\OneDrive\\Desktop\\TravelSync\\server\\utils\\calculateBalances.js": {"path":"C:\\Users\\ankes\\OneDrive\\Desktop\\TravelSync\\server\\utils\\calculateBalances.js","statementMap":{"0":{"start":{"line":9,"column":21},"end":{"line":9,"column":23}},"1":{"start":{"line":10,"column":2},"end":{"line":12,"column":5}},"2":{"start":{"line":11,"column":4},"end":{"line":11,"column":42}},"3":{"start":{"line":15,"column":2},"end":{"line":39,"column":5}},"4":{"start":{"line":16,"column":19},"end":{"line":16,"column":46}},"5":{"start":{"line":19,"column":25},"end":{"line":19,"column":147}},"6":{"start":{"line":22,"column":21},"end":{"line":24,"column":10}},"7":{"start":{"line":23,"column":36},"end":{"line":23,"column":95}},"8":{"start":{"line":26,"column":23},"end":{"line":26,"column":38}},"9":{"start":{"line":28,"column":4},"end":{"line":28,"column":50}},"10":{"start":{"line":28,"column":43},"end":{"line":28,"column":50}},"11":{"start":{"line":30,"column":27},"end":{"line":30,"column":46}},"12":{"start":{"line":33,"column":4},"end":{"line":33,"column":72}},"13":{"start":{"line":36,"column":4},"end":{"line":38,"column":7}},"14":{"start":{"line":37,"column":6},"end":{"line":37,"column":76}},"15":{"start":{"line":42,"column":22},"end":{"line":42,"column":62}},"16":{"start":{"line":45,"column":29},"end":{"line":53,"column":4}},"17":{"start":{"line":46,"column":20},"end":{"line":46,"column":58}},"18":{"start":{"line":47,"column":4},"end":{"line":52,"column":6}},"19":{"start":{"line":55,"column":2},"end":{"line":59,"column":4}},"20":{"start":{"line":69,"column":22},"end":{"line":69,"column":24}},"21":{"start":{"line":72,"column":19},"end":{"line":72,"column":36}},"22":{"start":{"line":75,"column":20},"end":{"line":75,"column":22}},"23":{"start":{"line":76,"column":2},"end":{"line":78,"column":5}},"24":{"start":{"line":77,"column":4},"end":{"line":77,"column":67}},"25":{"start":{"line":81,"column":18},"end":{"line":81,"column":20}},"26":{"start":{"line":82,"column":20},"end":{"line":82,"column":22}},"27":{"start":{"line":84,"column":2},"end":{"line":93,"column":5}},"28":{"start":{"line":85,"column":19},"end":{"line":85,"column":36}},"29":{"start":{"line":86,"column":4},"end":{"line":92,"column":5}},"30":{"start":{"line":87,"column":6},"end":{"line":91,"column":7}},"31":{"start":{"line":88,"column":8},"end":{"line":88,"column":41}},"32":{"start":{"line":90,"column":8},"end":{"line":90,"column":43}},"33":{"start":{"line":96,"column":18},"end":{"line":96,"column":19}},"34":{"start":{"line":97,"column":20},"end":{"line":97,"column":21}},"35":{"start":{"line":99,"column":2},"end":{"line":118,"column":3}},"36":{"start":{"line":100,"column":19},"end":{"line":100,"column":37}},"37":{"start":{"line":101,"column":21},"end":{"line":101,"column":43}},"38":{"start":{"line":103,"column":27},"end":{"line":103,"column":67}},"39":{"start":{"line":105,"column":4},"end":{"line":111,"column":7}},"40":{"start":{"line":113,"column":4},"end":{"line":113,"column":36}},"41":{"start":{"line":114,"column":4},"end":{"line":114,"column":38}},"42":{"start":{"line":116,"column":4},"end":{"line":116,"column":42}},"43":{"start":{"line":116,"column":30},"end":{"line":116,"column":42}},"44":{"start":{"line":117,"column":4},"end":{"line":117,"column":46}},"45":{"start":{"line":117,"column":32},"end":{"line":117,"column":46}},"46":{"start":{"line":120,"column":2},"end":{"line":120,"column":21}},"47":{"start":{"line":123,"column":0},"end":{"line":123,"column":39}}},"fnMap":{"0":{"name":"calculateBalances","decl":{"start":{"line":7,"column":9},"end":{"line":7,"column":26}},"loc":{"start":{"line":7,"column":46},"end":{"line":60,"column":1}},"line":7},"1":{"name":"(anonymous_1)","decl":{"start":{"line":10,"column":18},"end":{"line":10,"column":19}},"loc":{"start":{"line":10,"column":28},"end":{"line":12,"column":3}},"line":10},"2":{"name":"(anonymous_2)","decl":{"start":{"line":15,"column":19},"end":{"line":15,"column":20}},"loc":{"start":{"line":15,"column":30},"end":{"line":39,"column":3}},"line":15},"3":{"name":"(anonymous_3)","decl":{"start":{"line":23,"column":31},"end":{"line":23,"column":32}},"loc":{"start":{"line":23,"column":36},"end":{"line":23,"column":95}},"line":23},"4":{"name":"(anonymous_4)","decl":{"start":{"line":36,"column":21},"end":{"line":36,"column":22}},"loc":{"start":{"line":36,"column":34},"end":{"line":38,"column":5}},"line":36},"5":{"name":"(anonymous_5)","decl":{"start":{"line":45,"column":41},"end":{"line":45,"column":42}},"loc":{"start":{"line":45,"column":51},"end":{"line":53,"column":3}},"line":45},"6":{"name":"generateSettlements","decl":{"start":{"line":68,"column":9},"end":{"line":68,"column":28}},"loc":{"start":{"line":68,"column":50},"end":{"line":121,"column":1}},"line":68},"7":{"name":"(anonymous_7)","decl":{"start":{"line":76,"column":18},"end":{"line":76,"column":19}},"loc":{"start":{"line":76,"column":23},"end":{"line":78,"column":3}},"line":76},"8":{"name":"(anonymous_8)","decl":{"start":{"line":84,"column":35},"end":{"line":84,"column":36}},"loc":{"start":{"line":84,"column":58},"end":{"line":93,"column":3}},"line":84}},"branchMap":{"0":{"loc":{"start":{"line":16,"column":19},"end":{"line":16,"column":46}},"type":"binary-expr","locations":[{"start":{"line":16,"column":19},"end":{"line":16,"column":41}},{"start":{"line":16,"column":45},"end":{"line":16,"column":46}}],"line":16},"1":{"loc":{"start":{"line":19,"column":25},"end":{"line":19,"column":147}},"type":"cond-expr","locations":[{"start":{"line":19,"column":64},"end":{"line":19,"column":93}},{"start":{"line":19,"column":97},"end":{"line":19,"column":146}}],"line":19},"2":{"loc":{"start":{"line":19,"column":25},"end":{"line":19,"column":61}},"type":"binary-expr","locations":[{"start":{"line":19,"column":25},"end":{"line":19,"column":39}},{"start":{"line":19,"column":43},"end":{"line":19,"column":61}}],"line":19},"3":{"loc":{"start":{"line":19,"column":97},"end":{"line":19,"column":146}},"type":"cond-expr","locations":[{"start":{"line":19,"column":114},"end":{"line":19,"column":139}},{"start":{"line":19,"column":142},"end":{"line":19,"column":146}}],"line":19},"4":{"loc":{"start":{"line":22,"column":21},"end":{"line":24,"column":10}},"type":"cond-expr","locations":[{"start":{"line":23,"column":8},"end":{"line":23,"column":112}},{"start":{"line":24,"column":8},"end":{"line":24,"column":10}}],"line":22},"5":{"loc":{"start":{"line":23,"column":36},"end":{"line":23,"column":95}},"type":"cond-expr","locations":[{"start":{"line":23,"column":51},"end":{"line":23,"column":67}},{"start":{"line":23,"column":71},"end":{"line":23,"column":94}}],"line":23},"6":{"loc":{"start":{"line":23,"column":37},"end":{"line":23,"column":47}},"type":"binary-expr","locations":[{"start":{"line":23,"column":37},"end":{"line":23,"column":38}},{"start":{"line":23,"column":42},"end":{"line":23,"column":47}}],"line":23},"7":{"loc":{"start":{"line":23,"column":71},"end":{"line":23,"column":94}},"type":"cond-expr","locations":[{"start":{"line":23,"column":75},"end":{"line":23,"column":87}},{"start":{"line":23,"column":90},"end":{"line":23,"column":94}}],"line":23},"8":{"loc":{"start":{"line":28,"column":4},"end":{"line":28,"column":50}},"type":"if","locations":[{"start":{"line":28,"column":4},"end":{"line":28,"column":50}},{"start":{},"end":{}}],"line":28},"9":{"loc":{"start":{"line":28,"column":8},"end":{"line":28,"column":41}},"type":"binary-expr","locations":[{"start":{"line":28,"column":8},"end":{"line":28,"column":24}},{"start":{"line":28,"column":28},"end":{"line":28,"column":41}}],"line":28},"10":{"loc":{"start":{"line":33,"column":32},"end":{"line":33,"column":61}},"type":"binary-expr","locations":[{"start":{"line":33,"column":32},"end":{"line":33,"column":56}},{"start":{"line":33,"column":60},"end":{"line":33,"column":61}}],"line":33},"11":{"loc":{"start":{"line":37,"column":31},"end":{"line":37,"column":57}},"type":"binary-expr","locations":[{"start":{"line":37,"column":31},"end":{"line":37,"column":52}},{"start":{"line":37,"column":56},"end":{"line":37,"column":57}}],"line":37},"12":{"loc":{"start":{"line":46,"column":20},"end":{"line":46,"column":58}},"type":"binary-expr","locations":[{"start":{"line":46,"column":20},"end":{"line":46,"column":53}},{"start":{"line":46,"column":57},"end":{"line":46,"column":58}}],"line":46},"13":{"loc":{"start":{"line":86,"column":4},"end":{"line":92,"column":5}},"type":"if","locations":[{"start":{"line":86,"column":4},"end":{"line":92,"column":5}},{"start":{},"end":{}}],"line":86},"14":{"loc":{"start":{"line":87,"column":6},"end":{"line":91,"column":7}},"type":"if","locations":[{"start":{"line":87,"column":6},"end":{"line":91,"column":7}},{"start":{"line":89,"column":13},"end":{"line":91,"column":7}}],"line":87},"15":{"loc":{"start":{"line":99,"column":9},"end":{"line":99,"column":69}},"type":"binary-expr","locations":[{"start":{"line":99,"column":9},"end":{"line":99,"column":35}},{"start":{"line":99,"column":39},"end":{"line":99,"column":69}}],"line":99},"16":{"loc":{"start":{"line":107,"column":16},"end":{"line":107,"column":59}},"type":"binary-expr","locations":[{"start":{"line":107,"column":16},"end":{"line":107,"column":46}},{"start":{"line":107,"column":50},"end":{"line":107,"column":59}}],"line":107},"17":{"loc":{"start":{"line":109,"column":14},"end":{"line":109,"column":59}},"type":"binary-expr","locations":[{"start":{"line":109,"column":14},"end":{"line":109,"column":46}},{"start":{"line":109,"column":50},"end":{"line":109,"column":59}}],"line":109},"18":{"loc":{"start":{"line":116,"column":4},"end":{"line":116,"column":42}},"type":"if","locations":[{"start":{"line":116,"column":4},"end":{"line":116,"column":42}},{"start":{},"end":{}}],"line":116},"19":{"loc":{"start":{"line":117,"column":4},"end":{"line":117,"column":46}},"type":"if","locations":[{"start":{"line":117,"column":4},"end":{"line":117,"column":46}},{"start":{},"end":{}}],"line":117}},"s":{"0":5,"1":5,"2":12,"3":5,"4":7,"5":7,"6":7,"7":15,"8":7,"9":7,"10":0,"11":7,"12":7,"13":7,"14":15,"15":5,"16":5,"17":12,"18":12,"19":5,"20":5,"21":5,"22":5,"23":5,"24":12,"25":5,"26":5,"27":5,"28":12,"29":12,"30":8,"31":5,"32":3,"33":5,"34":5,"35":5,"36":5,"37":5,"38":5,"39":5,"40":5,"41":5,"42":5,"43":5,"44":5,"45":3,"46":5,"47":2},"f":{"0":5,"1":12,"2":7,"3":15,"4":15,"5":12,"6":5,"7":12,"8":12},"b":{"0":[7,0],"1":[0,7],"2":[7,7],"3":[7,0],"4":[7,0],"5":[0,15],"6":[15,15],"7":[15,0],"8":[0,7],"9":[7,7],"10":[7,5],"11":[15,7],"12":[12,4],"13":[8,4],"14":[5,3],"15":[10,5],"16":[5,0],"17":[5,0],"18":[5,0],"19":[3,2]},"_coverageSchema":"1a1c01bbd47fc00a2c39e90264f33305004495a9","hash":"9a83c125e2a81ec1d6f02ebbee179462719d82ad"}
,"C:\\Users\\ankes\\OneDrive\\Desktop\\TravelSync\\server\\utils\\logActivity.js": {"path":"C:\\Users\\ankes\\OneDrive\\Desktop\\TravelSync\\server\\utils\\logActivity.js","statementMap":{"0":{"start":{"line":1,"column":13},"end":{"line":1,"column":38}},"1":{"start":{"line":3,"column":0},"end":{"line":11,"column":2}},"2":{"start":{"line":4,"column":2},"end":{"line":10,"column":3}},"3":{"start":{"line":5,"column":4},"end":{"line":7,"column":7}},"4":{"start":{"line":9,"column":4},"end":{"line":9,"column":50}}},"fnMap":{"0":{"name":"logActivity","decl":{"start":{"line":3,"column":32},"end":{"line":3,"column":43}},"loc":{"start":{"line":3,"column":76},"end":{"line":11,"column":1}},"line":3}},"branchMap":{},"s":{"0":1,"1":1,"2":1,"3":1,"4":0},"f":{"0":1},"b":{},"_coverageSchema":"1a1c01bbd47fc00a2c39e90264f33305004495a9","hash":"d3b1e273ee14f2d92d2f03002d17effa1e0cc651"}
,"C:\\Users\\ankes\\OneDrive\\Desktop\\TravelSync\\server\\utils\\mailer.js": {"path":"C:\\Users\\ankes\\OneDrive\\Desktop\\TravelSync\\server\\utils\\mailer.js","statementMap":{"0":{"start":{"line":1,"column":19},"end":{"line":1,"column":40}},"1":{"start":{"line":3,"column":20},"end":{"line":11,"column":2}},"2":{"start":{"line":20,"column":19},"end":{"line":20,"column":39}},"3":{"start":{"line":22,"column":18},"end":{"line":24,"column":38}},"4":{"start":{"line":26,"column":17},"end":{"line":28,"column":45}},"5":{"start":{"line":30,"column":15},"end":{"line":75,"column":3}},"6":{"start":{"line":77,"column":2},"end":{"line":82,"column":5}},"7":{"start":{"line":85,"column":0},"end":{"line":85,"column":34}}},"fnMap":{"0":{"name":"sendOtpEmail","decl":{"start":{"line":19,"column":15},"end":{"line":19,"column":27}},"loc":{"start":{"line":19,"column":59},"end":{"line":83,"column":1}},"line":19}},"branchMap":{"0":{"loc":{"start":{"line":4,"column":8},"end":{"line":4,"column":49}},"type":"binary-expr","locations":[{"start":{"line":4,"column":8},"end":{"line":4,"column":29}},{"start":{"line":4,"column":33},"end":{"line":4,"column":49}}],"line":4},"1":{"loc":{"start":{"line":5,"column":8},"end":{"line":5,"column":44}},"type":"binary-expr","locations":[{"start":{"line":5,"column":8},"end":{"line":5,"column":37}},{"start":{"line":5,"column":41},"end":{"line":5,"column":44}}],"line":5},"2":{"loc":{"start":{"line":19,"column":37},"end":{"line":19,"column":57}},"type":"default-arg","locations":[{"start":{"line":19,"column":47},"end":{"line":19,"column":57}}],"line":19},"3":{"loc":{"start":{"line":22,"column":18},"end":{"line":24,"column":38}},"type":"cond-expr","locations":[{"start":{"line":23,"column":6},"end":{"line":23,"column":45}},{"start":{"line":24,"column":6},"end":{"line":24,"column":38}}],"line":22},"4":{"loc":{"start":{"line":26,"column":17},"end":{"line":28,"column":45}},"type":"cond-expr","locations":[{"start":{"line":27,"column":6},"end":{"line":27,"column":50}},{"start":{"line":28,"column":6},"end":{"line":28,"column":45}}],"line":26},"5":{"loc":{"start":{"line":60,"column":10},"end":{"line":63,"column":18}},"type":"cond-expr","locations":[{"start":{"line":60,"column":21},"end":{"line":63,"column":13}},{"start":{"line":63,"column":16},"end":{"line":63,"column":18}}],"line":60},"6":{"loc":{"start":{"line":78,"column":10},"end":{"line":78,"column":72}},"type":"binary-expr","locations":[{"start":{"line":78,"column":10},"end":{"line":78,"column":31}},{"start":{"line":78,"column":35},"end":{"line":78,"column":72}}],"line":78}},"s":{"0":1,"1":1,"2":0,"3":0,"4":0,"5":0,"6":0,"7":1},"f":{"0":0},"b":{"0":[1,1],"1":[1,1],"2":[0],"3":[0,0],"4":[0,0],"5":[0,0],"6":[0,0]},"_coverageSchema":"1a1c01bbd47fc00a2c39e90264f33305004495a9","hash":"85ce497afb5dfa4ee6875f2cfd37e98c80a9f998"}
,"C:\\Users\\ankes\\OneDrive\\Desktop\\TravelSync\\server\\utils\\otpStore.js": {"path":"C:\\Users\\ankes\\OneDrive\\Desktop\\TravelSync\\server\\utils\\otpStore.js","statementMap":{"0":{"start":{"line":8,"column":15},"end":{"line":8,"column":34}},"1":{"start":{"line":10,"column":14},"end":{"line":10,"column":23}},"2":{"start":{"line":12,"column":18},"end":{"line":12,"column":32}},"3":{"start":{"line":16,"column":14},"end":{"line":16,"column":65}},"4":{"start":{"line":17,"column":15},"end":{"line":17,"column":40}},"5":{"start":{"line":18,"column":2},"end":{"line":22,"column":5}},"6":{"start":{"line":23,"column":2},"end":{"line":23,"column":13}},"7":{"start":{"line":28,"column":16},"end":{"line":28,"column":46}},"8":{"start":{"line":29,"column":2},"end":{"line":29,"column":100}},"9":{"start":{"line":29,"column":14},"end":{"line":29,"column":100}},"10":{"start":{"line":30,"column":2},"end":{"line":30,"column":95}},"11":{"start":{"line":30,"column":33},"end":{"line":30,"column":95}},"12":{"start":{"line":31,"column":2},"end":{"line":34,"column":3}},"13":{"start":{"line":32,"column":4},"end":{"line":32,"column":38}},"14":{"start":{"line":33,"column":4},"end":{"line":33,"column":93}},"15":{"start":{"line":35,"column":16},"end":{"line":35,"column":70}},"16":{"start":{"line":36,"column":2},"end":{"line":36,"column":93}},"17":{"start":{"line":36,"column":14},"end":{"line":36,"column":93}},"18":{"start":{"line":37,"column":2},"end":{"line":37,"column":36}},"19":{"start":{"line":38,"column":2},"end":{"line":38,"column":22}},"20":{"start":{"line":42,"column":0},"end":{"line":47,"column":18}},"21":{"start":{"line":43,"column":14},"end":{"line":43,"column":24}},"22":{"start":{"line":44,"column":2},"end":{"line":46,"column":3}},"23":{"start":{"line":45,"column":4},"end":{"line":45,"column":47}},"24":{"start":{"line":45,"column":29},"end":{"line":45,"column":47}},"25":{"start":{"line":49,"column":0},"end":{"line":49,"column":42}}},"fnMap":{"0":{"name":"createOtp","decl":{"start":{"line":15,"column":15},"end":{"line":15,"column":24}},"loc":{"start":{"line":15,"column":41},"end":{"line":24,"column":1}},"line":15},"1":{"name":"verifyOtp","decl":{"start":{"line":27,"column":15},"end":{"line":27,"column":24}},"loc":{"start":{"line":27,"column":55},"end":{"line":39,"column":1}},"line":27},"2":{"name":"(anonymous_2)","decl":{"start":{"line":42,"column":12},"end":{"line":42,"column":13}},"loc":{"start":{"line":42,"column":18},"end":{"line":47,"column":1}},"line":42}},"branchMap":{"0":{"loc":{"start":{"line":29,"column":2},"end":{"line":29,"column":100}},"type":"if","locations":[{"start":{"line":29,"column":2},"end":{"line":29,"column":100}},{"start":{},"end":{}}],"line":29},"1":{"loc":{"start":{"line":30,"column":2},"end":{"line":30,"column":95}},"type":"if","locations":[{"start":{"line":30,"column":2},"end":{"line":30,"column":95}},{"start":{},"end":{}}],"line":30},"2":{"loc":{"start":{"line":31,"column":2},"end":{"line":34,"column":3}},"type":"if","locations":[{"start":{"line":31,"column":2},"end":{"line":34,"column":3}},{"start":{},"end":{}}],"line":31},"3":{"loc":{"start":{"line":36,"column":2},"end":{"line":36,"column":93}},"type":"if","locations":[{"start":{"line":36,"column":2},"end":{"line":36,"column":93}},{"start":{},"end":{}}],"line":36},"4":{"loc":{"start":{"line":45,"column":4},"end":{"line":45,"column":47}},"type":"if","locations":[{"start":{"line":45,"column":4},"end":{"line":45,"column":47}},{"start":{},"end":{}}],"line":45}},"s":{"0":1,"1":1,"2":1,"3":0,"4":0,"5":0,"6":0,"7":0,"8":0,"9":0,"10":0,"11":0,"12":0,"13":0,"14":0,"15":0,"16":0,"17":0,"18":0,"19":0,"20":1,"21":0,"22":0,"23":0,"24":0,"25":1},"f":{"0":0,"1":0,"2":0},"b":{"0":[0,0],"1":[0,0],"2":[0,0],"3":[0,0],"4":[0,0]},"_coverageSchema":"1a1c01bbd47fc00a2c39e90264f33305004495a9","hash":"45eb57f9416ac82f511e3999f57d705908bf457a"}
}
