TN:
SF:server.js
FN:33,(anonymous_0)
FN:60,(anonymous_1)
FN:82,(anonymous_2)
FN:93,(anonymous_3)
FN:94,(anonymous_4)
FN:109,(anonymous_5)
FN:128,(anonymous_6)
FN:142,(anonymous_7)
FN:151,(anonymous_8)
FN:153,(anonymous_9)
FN:155,(anonymous_10)
FNF:11
FNH:3
FNDA:20,(anonymous_0)
FNDA:20,(anonymous_1)
FNDA:9,(anonymous_2)
FNDA:0,(anonymous_3)
FNDA:0,(anonymous_4)
FNDA:0,(anonymous_5)
FNDA:0,(anonymous_6)
FNDA:0,(anonymous_7)
FNDA:0,(anonymous_8)
FNDA:0,(anonymous_9)
FNDA:0,(anonymous_10)
DA:1,1
DA:2,1
DA:3,1
DA:4,1
DA:5,1
DA:6,1
DA:7,1
DA:8,1
DA:9,1
DA:10,1
DA:11,1
DA:12,1
DA:14,1
DA:15,1
DA:19,1
DA:20,1
DA:22,1
DA:23,1
DA:26,1
DA:32,1
DA:35,20
DA:36,20
DA:37,0
DA:38,0
DA:40,0
DA:46,1
DA:47,1
DA:48,1
DA:51,1
DA:52,1
DA:53,1
DA:56,1
DA:57,1
DA:60,1
DA:61,20
DA:62,20
DA:66,1
DA:73,1
DA:75,1
DA:82,1
DA:83,9
DA:84,0
DA:86,9
DA:90,1
DA:91,0
DA:93,0
DA:95,0
DA:97,0
DA:98,0
DA:99,0
DA:102,0
DA:104,1
DA:105,0
DA:109,1
DA:110,0
DA:118,1
DA:119,1
DA:120,1
DA:123,1
DA:124,1
DA:125,1
DA:128,1
DA:129,0
DA:137,1
DA:140,1
DA:141,0
DA:142,0
DA:143,0
DA:144,0
DA:148,1
DA:151,1
DA:152,0
DA:153,0
DA:154,0
DA:155,0
DA:156,0
DA:157,0
DA:162,1
DA:163,1
LF:79
LH:55
BRDA:19,0,0,1
BRDA:19,0,1,0
BRDA:19,1,0,0
BRDA:19,1,1,0
BRDA:20,2,0,1
BRDA:20,2,1,0
BRDA:35,3,0,20
BRDA:35,3,1,0
BRDA:35,4,0,20
BRDA:35,4,1,0
BRDA:35,4,2,0
BRDA:37,5,0,0
BRDA:37,5,1,0
BRDA:37,6,0,0
BRDA:37,6,1,0
BRDA:52,7,0,0
BRDA:52,7,1,1
BRDA:83,8,0,0
BRDA:83,8,1,9
BRDA:83,9,0,9
BRDA:83,9,1,0
BRDA:90,10,0,0
BRDA:90,10,1,1
BRDA:90,11,0,1
BRDA:90,11,1,1
BRDA:97,12,0,0
BRDA:97,12,1,0
BRDA:104,13,0,0
BRDA:104,13,1,1
BRDA:113,14,0,0
BRDA:113,14,1,0
BRDA:140,15,0,0
BRDA:140,15,1,1
BRDA:141,16,0,0
BRDA:141,16,1,0
BRF:35
BRH:12
end_of_record
TN:
SF:socket.js
FN:7,(anonymous_0)
FN:13,(anonymous_1)
FN:34,(anonymous_2)
FN:58,(anonymous_3)
FN:59,(anonymous_4)
FN:64,(anonymous_5)
FN:78,(anonymous_6)
FNF:7
FNH:2
FNDA:1,(anonymous_0)
FNDA:0,(anonymous_1)
FNDA:0,(anonymous_2)
FNDA:0,(anonymous_3)
FNDA:0,(anonymous_4)
FNDA:0,(anonymous_5)
FNDA:1,(anonymous_6)
DA:1,1
DA:2,1
DA:3,1
DA:7,1
DA:8,1
DA:13,1
DA:14,0
DA:15,0
DA:16,0
DA:17,0
DA:20,0
DA:21,0
DA:23,0
DA:24,0
DA:27,0
DA:28,0
DA:30,0
DA:34,1
DA:35,0
DA:36,0
DA:37,0
DA:38,0
DA:39,0
DA:42,0
DA:49,0
DA:58,0
DA:59,0
DA:60,0
DA:64,0
DA:65,0
DA:66,0
DA:71,0
DA:75,1
DA:78,1
DA:79,1
DA:80,0
DA:82,1
DA:85,1
LF:38
LH:12
BRDA:16,0,0,0
BRDA:16,0,1,0
BRDA:23,1,0,0
BRDA:23,1,1,0
BRDA:36,2,0,0
BRDA:36,2,1,0
BRDA:79,3,0,0
BRDA:79,3,1,1
BRF:8
BRH:1
end_of_record
TN:
SF:swagger.js
FNF:0
FNH:0
DA:1,1
DA:3,1
DA:35,1
DA:37,1
LF:4
LH:4
BRF:0
BRH:0
end_of_record
TN:
SF:middleware\auth.js
FN:3,(anonymous_0)
FNF:1
FNH:1
FNDA:12,(anonymous_0)
DA:1,1
DA:3,1
DA:4,12
DA:5,12
DA:7,12
DA:8,2
DA:11,10
DA:12,10
DA:13,9
DA:14,9
DA:16,1
DA:20,1
LF:12
LH:12
BRDA:5,0,0,12
BRDA:5,0,1,10
BRDA:7,1,0,2
BRDA:7,1,1,10
BRF:4
BRH:4
end_of_record
TN:
SF:middleware\errorHandler.js
FN:5,(anonymous_0)
FN:16,(anonymous_1)
FN:32,(anonymous_2)
FNF:3
FNH:0
FNDA:0,(anonymous_0)
FNDA:0,(anonymous_1)
FNDA:0,(anonymous_2)
DA:6,0
DA:7,0
DA:8,0
DA:16,1
DA:18,0
DA:19,0
DA:23,0
DA:24,0
DA:25,0
DA:28,0
DA:29,0
DA:30,0
DA:31,0
DA:32,0
DA:37,0
DA:38,0
DA:39,0
DA:40,0
DA:44,0
DA:45,0
DA:46,0
DA:47,0
DA:50,0
DA:51,0
DA:52,0
DA:53,0
DA:57,0
DA:65,1
LF:28
LH:2
BRDA:5,0,0,0
BRDA:18,1,0,0
BRDA:18,1,1,0
BRDA:23,2,0,0
BRDA:23,2,1,0
BRDA:24,3,0,0
BRDA:24,3,1,0
BRDA:28,4,0,0
BRDA:28,4,1,0
BRDA:37,5,0,0
BRDA:37,5,1,0
BRDA:44,6,0,0
BRDA:44,6,1,0
BRDA:50,7,0,0
BRDA:50,7,1,0
BRDA:61,8,0,0
BRDA:61,8,1,0
BRF:17
BRH:0
end_of_record
TN:
SF:models\Trip.js
FN:50,(anonymous_0)
FNF:1
FNH:0
FNDA:0,(anonymous_0)
DA:1,1
DA:3,1
DA:15,1
DA:26,1
DA:50,1
DA:51,0
DA:52,0
DA:55,0
DA:56,0
DA:57,0
DA:59,0
DA:60,0
DA:63,0
DA:66,1
DA:67,1
DA:69,1
LF:16
LH:8
BRDA:51,0,0,0
BRDA:51,0,1,0
BRDA:51,1,0,0
BRDA:51,1,1,0
BRDA:59,2,0,0
BRDA:59,2,1,0
BRF:6
BRH:0
end_of_record
TN:
SF:models\User.js
FN:15,(anonymous_0)
FN:22,(anonymous_1)
FNF:2
FNH:2
FNDA:4,(anonymous_0)
FNDA:2,(anonymous_1)
DA:1,1
DA:2,1
DA:4,1
DA:15,1
DA:16,4
DA:17,3
DA:18,3
DA:22,1
DA:23,2
DA:26,1
LF:10
LH:10
BRDA:16,0,0,1
BRDA:16,0,1,3
BRF:2
BRH:2
end_of_record
TN:
SF:routes\auth.js
FN:13,(anonymous_0)
FN:16,(anonymous_1)
FN:22,(anonymous_2)
FN:39,(anonymous_3)
FN:79,(anonymous_4)
FN:146,(anonymous_5)
FN:204,(anonymous_6)
FN:253,(anonymous_7)
FN:277,(anonymous_8)
FN:312,(anonymous_9)
FN:352,(anonymous_10)
FN:402,(anonymous_11)
FN:439,(anonymous_12)
FN:440,(anonymous_13)
FN:487,(anonymous_14)
FN:551,(anonymous_15)
FNF:16
FNH:4
FNDA:0,(anonymous_0)
FNDA:0,(anonymous_1)
FNDA:0,(anonymous_2)
FNDA:4,(anonymous_3)
FNDA:5,(anonymous_4)
FNDA:3,(anonymous_5)
FNDA:0,(anonymous_6)
FNDA:0,(anonymous_7)
FNDA:1,(anonymous_8)
FNDA:0,(anonymous_9)
FNDA:0,(anonymous_10)
FNDA:0,(anonymous_11)
FNDA:0,(anonymous_12)
FNDA:0,(anonymous_13)
FNDA:0,(anonymous_14)
FNDA:0,(anonymous_15)
DA:1,1
DA:2,1
DA:3,1
DA:4,1
DA:5,1
DA:6,1
DA:7,1
DA:8,1
DA:9,1
DA:12,1
DA:14,0
DA:17,0
DA:18,0
DA:22,1
DA:23,0
DA:24,0
DA:26,0
DA:30,1
DA:36,1
DA:39,1
DA:40,4
DA:41,4
DA:42,4
DA:79,1
DA:80,5
DA:81,5
DA:83,5
DA:84,0
DA:87,5
DA:88,1
DA:91,4
DA:92,0
DA:95,4
DA:96,4
DA:97,1
DA:100,3
DA:101,3
DA:102,3
DA:103,3
DA:104,3
DA:106,3
DA:113,0
DA:114,0
DA:146,1
DA:147,3
DA:148,3
DA:150,3
DA:151,0
DA:154,3
DA:155,3
DA:156,1
DA:159,2
DA:160,2
DA:161,1
DA:164,1
DA:165,1
DA:166,1
DA:167,1
DA:169,1
DA:176,0
DA:177,0
DA:204,1
DA:205,0
DA:206,0
DA:207,0
DA:208,0
DA:212,0
DA:213,0
DA:215,0
DA:218,0
DA:219,0
DA:220,0
DA:221,0
DA:224,0
DA:225,0
DA:226,0
DA:227,0
DA:229,0
DA:234,0
DA:235,0
DA:253,1
DA:254,0
DA:255,0
DA:256,0
DA:258,0
DA:259,0
DA:277,1
DA:278,1
DA:279,1
DA:280,1
DA:281,0
DA:283,1
DA:285,0
DA:286,0
DA:312,1
DA:313,0
DA:314,0
DA:315,0
DA:317,0
DA:318,0
DA:320,0
DA:322,0
DA:324,0
DA:325,0
DA:352,1
DA:353,0
DA:354,0
DA:356,0
DA:357,0
DA:360,0
DA:363,0
DA:366,0
DA:367,0
DA:368,0
DA:371,0
DA:373,0
DA:374,0
DA:402,1
DA:403,0
DA:404,0
DA:405,0
DA:406,0
DA:408,0
DA:409,0
DA:410,0
DA:413,0
DA:414,0
DA:417,0
DA:418,0
DA:420,0
DA:422,0
DA:423,0
DA:439,1
DA:440,0
DA:441,0
DA:442,0
DA:444,0
DA:445,0
DA:447,0
DA:448,0
DA:449,0
DA:451,0
DA:452,0
DA:453,0
DA:455,0
DA:457,0
DA:458,0
DA:485,1
DA:487,1
DA:488,0
DA:489,0
DA:491,0
DA:492,0
DA:495,0
DA:496,0
DA:497,0
DA:498,0
DA:499,0
DA:500,0
DA:501,0
DA:502,0
DA:503,0
DA:504,0
DA:506,0
DA:510,0
DA:511,0
DA:512,0
DA:513,0
DA:516,0
DA:517,0
DA:518,0
DA:520,0
DA:522,0
DA:523,0
DA:551,1
DA:552,0
DA:553,0
DA:555,0
DA:556,0
DA:559,0
DA:560,0
DA:561,0
DA:564,0
DA:566,0
DA:567,0
DA:571,1
LF:186
LH:63
BRDA:23,0,0,0
BRDA:23,0,1,0
BRDA:41,1,0,4
BRDA:41,1,1,0
BRDA:83,2,0,0
BRDA:83,2,1,5
BRDA:87,3,0,1
BRDA:87,3,1,4
BRDA:87,4,0,5
BRDA:87,4,1,4
BRDA:87,4,2,4
BRDA:91,5,0,0
BRDA:91,5,1,4
BRDA:96,6,0,1
BRDA:96,6,1,3
BRDA:150,7,0,0
BRDA:150,7,1,3
BRDA:150,8,0,3
BRDA:150,8,1,3
BRDA:155,9,0,1
BRDA:155,9,1,2
BRDA:160,10,0,1
BRDA:160,10,1,1
BRDA:207,11,0,0
BRDA:207,11,1,0
BRDA:213,12,0,0
BRDA:213,12,1,0
BRDA:220,13,0,0
BRDA:220,13,1,0
BRDA:220,14,0,0
BRDA:220,14,1,0
BRDA:280,15,0,0
BRDA:280,15,1,1
BRDA:315,16,0,0
BRDA:315,16,1,0
BRDA:317,17,0,0
BRDA:317,17,1,0
BRDA:356,18,0,0
BRDA:356,18,1,0
BRDA:367,19,0,0
BRDA:367,19,1,0
BRDA:406,20,0,0
BRDA:406,20,1,0
BRDA:409,21,0,0
BRDA:409,21,1,0
BRDA:413,22,0,0
BRDA:413,22,1,0
BRDA:441,23,0,0
BRDA:441,23,1,0
BRDA:442,24,0,0
BRDA:442,24,1,0
BRDA:444,25,0,0
BRDA:444,25,1,0
BRDA:449,26,0,0
BRDA:449,26,1,0
BRDA:491,27,0,0
BRDA:491,27,1,0
BRDA:491,28,0,0
BRDA:491,28,1,0
BRDA:496,29,0,0
BRDA:496,29,1,0
BRDA:497,30,0,0
BRDA:497,30,1,0
BRDA:498,31,0,0
BRDA:498,31,1,0
BRDA:499,32,0,0
BRDA:499,32,1,0
BRDA:503,33,0,0
BRDA:503,33,1,0
BRDA:511,34,0,0
BRDA:511,34,1,0
BRDA:511,35,0,0
BRDA:511,35,1,0
BRDA:555,36,0,0
BRDA:555,36,1,0
BRDA:555,37,0,0
BRDA:555,37,1,0
BRDA:555,37,2,0
BRDA:560,38,0,0
BRDA:560,38,1,0
BRF:80
BRH:18
end_of_record
TN:
SF:routes\trips.js
FN:10,(anonymous_0)
FN:15,(anonymous_1)
FN:40,(anonymous_2)
FN:109,(anonymous_3)
FN:161,(anonymous_4)
FN:166,(anonymous_5)
FN:212,(anonymous_6)
FN:231,(anonymous_7)
FN:283,(anonymous_8)
FN:299,(anonymous_9)
FN:331,(anonymous_10)
FN:383,(anonymous_11)
FN:429,(anonymous_12)
FN:431,(anonymous_13)
FN:482,(anonymous_14)
FN:516,(anonymous_15)
FN:520,(anonymous_16)
FN:528,(anonymous_17)
FN:567,(anonymous_18)
FN:584,(anonymous_19)
FN:649,(anonymous_20)
FN:657,(anonymous_21)
FN:658,(anonymous_22)
FN:721,(anonymous_23)
FN:723,(anonymous_24)
FN:763,(anonymous_25)
FN:827,(anonymous_26)
FN:832,(anonymous_27)
FN:833,(anonymous_28)
FN:933,(anonymous_29)
FN:938,(anonymous_30)
FN:948,(anonymous_31)
FN:981,(anonymous_32)
FN:988,(anonymous_33)
FN:1037,(anonymous_34)
FN:1081,(anonymous_35)
FNF:36
FNH:5
FNDA:0,(anonymous_0)
FNDA:0,(anonymous_1)
FNDA:0,(anonymous_2)
FNDA:3,(anonymous_3)
FNDA:0,(anonymous_4)
FNDA:0,(anonymous_5)
FNDA:3,(anonymous_6)
FNDA:3,(anonymous_7)
FNDA:0,(anonymous_8)
FNDA:0,(anonymous_9)
FNDA:0,(anonymous_10)
FNDA:0,(anonymous_11)
FNDA:0,(anonymous_12)
FNDA:0,(anonymous_13)
FNDA:0,(anonymous_14)
FNDA:0,(anonymous_15)
FNDA:0,(anonymous_16)
FNDA:0,(anonymous_17)
FNDA:0,(anonymous_18)
FNDA:0,(anonymous_19)
FNDA:0,(anonymous_20)
FNDA:0,(anonymous_21)
FNDA:0,(anonymous_22)
FNDA:0,(anonymous_23)
FNDA:0,(anonymous_24)
FNDA:0,(anonymous_25)
FNDA:0,(anonymous_26)
FNDA:0,(anonymous_27)
FNDA:0,(anonymous_28)
FNDA:0,(anonymous_29)
FNDA:0,(anonymous_30)
FNDA:0,(anonymous_31)
FNDA:2,(anonymous_32)
FNDA:1,(anonymous_33)
FNDA:0,(anonymous_34)
FNDA:0,(anonymous_35)
DA:1,1
DA:2,1
DA:3,1
DA:4,1
DA:5,1
DA:6,1
DA:7,1
DA:10,1
DA:11,0
DA:12,0
DA:13,0
DA:15,0
DA:16,0
DA:19,0
DA:20,0
DA:22,0
DA:40,1
DA:41,0
DA:42,0
DA:43,0
DA:44,0
DA:46,0
DA:48,0
DA:57,0
DA:69,0
DA:109,1
DA:110,3
DA:111,3
DA:112,3
DA:113,1
DA:115,2
DA:116,0
DA:118,2
DA:119,0
DA:121,2
DA:130,2
DA:131,2
DA:133,0
DA:161,1
DA:162,0
DA:163,0
DA:164,0
DA:166,0
DA:167,0
DA:170,0
DA:171,0
DA:173,0
DA:212,1
DA:213,3
DA:214,3
DA:215,3
DA:216,0
DA:219,3
DA:220,3
DA:222,3
DA:223,1
DA:226,2
DA:227,2
DA:228,0
DA:231,3
DA:232,1
DA:235,1
DA:236,0
DA:239,1
DA:240,1
DA:242,1
DA:244,1
DA:246,1
DA:248,1
DA:250,0
DA:283,1
DA:284,0
DA:285,0
DA:286,0
DA:288,0
DA:289,0
DA:292,0
DA:293,0
DA:296,0
DA:297,0
DA:299,0
DA:300,0
DA:302,0
DA:304,0
DA:305,0
DA:307,0
DA:331,1
DA:332,0
DA:333,0
DA:335,0
DA:383,1
DA:384,0
DA:385,0
DA:387,0
DA:388,0
DA:390,0
DA:392,0
DA:394,0
DA:396,0
DA:398,0
DA:400,0
DA:429,1
DA:430,0
DA:431,0
DA:432,0
DA:434,0
DA:435,0
DA:436,0
DA:438,0
DA:440,0
DA:442,0
DA:444,0
DA:482,1
DA:483,0
DA:484,0
DA:485,0
DA:487,0
DA:488,0
DA:490,0
DA:492,0
DA:494,0
DA:516,1
DA:517,0
DA:518,0
DA:520,0
DA:521,0
DA:522,0
DA:523,0
DA:524,0
DA:528,0
DA:529,0
DA:530,0
DA:532,0
DA:535,0
DA:537,0
DA:539,0
DA:541,0
DA:547,1
DA:567,1
DA:568,0
DA:569,0
DA:570,0
DA:571,0
DA:573,0
DA:581,0
DA:583,0
DA:584,0
DA:586,0
DA:587,0
DA:589,0
DA:601,0
DA:649,1
DA:650,0
DA:651,0
DA:653,0
DA:654,0
DA:657,0
DA:658,0
DA:659,0
DA:660,0
DA:663,0
DA:672,0
DA:673,0
DA:675,0
DA:677,0
DA:685,0
DA:687,0
DA:689,0
DA:691,0
DA:692,0
DA:721,1
DA:722,0
DA:723,0
DA:724,0
DA:726,0
DA:728,0
DA:729,0
DA:732,0
DA:733,0
DA:735,0
DA:737,0
DA:739,0
DA:741,0
DA:763,1
DA:764,0
DA:765,0
DA:779,0
DA:781,0
DA:782,0
DA:784,0
DA:790,0
DA:827,1
DA:828,0
DA:829,0
DA:830,0
DA:832,0
DA:833,0
DA:834,0
DA:838,0
DA:869,0
DA:883,0
DA:884,0
DA:887,0
DA:888,0
DA:890,0
DA:891,0
DA:892,0
DA:894,0
DA:898,0
DA:907,0
DA:933,1
DA:934,0
DA:935,0
DA:936,0
DA:938,0
DA:939,0
DA:942,0
DA:947,0
DA:948,0
DA:951,0
DA:953,0
DA:981,1
DA:982,2
DA:983,2
DA:986,2
DA:988,2
DA:989,1
DA:992,1
DA:994,0
DA:1037,1
DA:1038,0
DA:1039,0
DA:1040,0
DA:1042,0
DA:1043,0
DA:1046,0
DA:1047,0
DA:1048,0
DA:1049,0
DA:1050,0
DA:1052,0
DA:1053,0
DA:1055,0
DA:1081,1
DA:1082,0
DA:1083,0
DA:1084,0
DA:1086,0
DA:1087,0
DA:1090,0
DA:1091,0
DA:1093,0
DA:1097,1
LF:253
LH:62
BRDA:13,0,0,0
BRDA:13,0,1,0
BRDA:15,1,0,0
BRDA:15,1,1,0
BRDA:15,2,0,0
BRDA:15,2,1,0
BRDA:42,3,0,0
BRDA:42,3,1,0
BRDA:43,4,0,0
BRDA:43,4,1,0
BRDA:112,5,0,1
BRDA:112,5,1,2
BRDA:112,6,0,3
BRDA:112,6,1,3
BRDA:112,6,2,2
BRDA:112,6,3,2
BRDA:115,7,0,0
BRDA:115,7,1,2
BRDA:115,8,0,2
BRDA:115,8,1,2
BRDA:118,9,0,0
BRDA:118,9,1,2
BRDA:164,10,0,0
BRDA:164,10,1,0
BRDA:166,11,0,0
BRDA:166,11,1,0
BRDA:166,12,0,0
BRDA:166,12,1,0
BRDA:215,13,0,0
BRDA:215,13,1,3
BRDA:220,14,0,0
BRDA:220,14,1,3
BRDA:222,15,0,1
BRDA:222,15,1,2
BRDA:227,16,0,0
BRDA:227,16,1,2
BRDA:231,17,0,1
BRDA:231,17,1,1
BRDA:235,18,0,0
BRDA:235,18,1,1
BRDA:286,19,0,0
BRDA:286,19,1,0
BRDA:288,20,0,0
BRDA:288,20,1,0
BRDA:292,21,0,0
BRDA:292,21,1,0
BRDA:297,22,0,0
BRDA:297,22,1,0
BRDA:432,23,0,0
BRDA:432,23,1,0
BRDA:485,24,0,0
BRDA:485,24,1,0
BRDA:522,25,0,0
BRDA:522,25,1,0
BRDA:523,26,0,0
BRDA:523,26,1,0
BRDA:524,27,0,0
BRDA:524,27,1,0
BRDA:529,28,0,0
BRDA:529,28,1,0
BRDA:569,29,0,0
BRDA:569,29,1,0
BRDA:570,30,0,0
BRDA:570,30,1,0
BRDA:581,31,0,0
BRDA:581,31,1,0
BRDA:653,32,0,0
BRDA:653,32,1,0
BRDA:653,33,0,0
BRDA:653,33,1,0
BRDA:653,33,2,0
BRDA:653,33,3,0
BRDA:653,33,4,0
BRDA:659,34,0,0
BRDA:659,34,1,0
BRDA:666,35,0,0
BRDA:666,35,1,0
BRDA:724,36,0,0
BRDA:724,36,1,0
BRDA:728,37,0,0
BRDA:728,37,1,0
BRDA:728,38,0,0
BRDA:728,38,1,0
BRDA:779,39,0,0
BRDA:779,39,1,0
BRDA:830,40,0,0
BRDA:830,40,1,0
BRDA:833,41,0,0
BRDA:833,41,1,0
BRDA:834,42,0,0
BRDA:834,42,1,0
BRDA:834,43,0,0
BRDA:834,43,1,0
BRDA:843,44,0,0
BRDA:843,44,1,0
BRDA:844,45,0,0
BRDA:844,45,1,0
BRDA:845,46,0,0
BRDA:845,46,1,0
BRDA:846,47,0,0
BRDA:846,47,1,0
BRDA:884,48,0,0
BRDA:884,48,1,0
BRDA:936,49,0,0
BRDA:936,49,1,0
BRDA:938,50,0,0
BRDA:938,50,1,0
BRDA:938,51,0,0
BRDA:938,51,1,0
BRDA:947,52,0,0
BRDA:947,52,1,0
BRDA:986,53,0,0
BRDA:986,53,1,2
BRDA:988,54,0,1
BRDA:988,54,1,1
BRDA:988,55,0,2
BRDA:988,55,1,1
BRDA:1040,56,0,0
BRDA:1040,56,1,0
BRDA:1042,57,0,0
BRDA:1042,57,1,0
BRDA:1047,58,0,0
BRDA:1047,58,1,0
BRDA:1048,59,0,0
BRDA:1048,59,1,0
BRDA:1049,60,0,0
BRDA:1049,60,1,0
BRDA:1050,61,0,0
BRDA:1050,61,1,0
BRDA:1084,62,0,0
BRDA:1084,62,1,0
BRDA:1086,63,0,0
BRDA:1086,63,1,0
BRF:133
BRH:23
end_of_record
TN:
SF:utils\calculateBalances.js
FN:7,calculateBalances
FN:10,(anonymous_1)
FN:15,(anonymous_2)
FN:23,(anonymous_3)
FN:36,(anonymous_4)
FN:45,(anonymous_5)
FN:68,generateSettlements
FN:76,(anonymous_7)
FN:84,(anonymous_8)
FNF:9
FNH:9
FNDA:5,calculateBalances
FNDA:12,(anonymous_1)
FNDA:7,(anonymous_2)
FNDA:15,(anonymous_3)
FNDA:15,(anonymous_4)
FNDA:12,(anonymous_5)
FNDA:5,generateSettlements
FNDA:12,(anonymous_7)
FNDA:12,(anonymous_8)
DA:9,5
DA:10,5
DA:11,12
DA:15,5
DA:16,7
DA:19,7
DA:22,7
DA:23,15
DA:26,7
DA:28,7
DA:30,7
DA:33,7
DA:36,7
DA:37,15
DA:42,5
DA:45,5
DA:46,12
DA:47,12
DA:55,5
DA:69,5
DA:72,5
DA:75,5
DA:76,5
DA:77,12
DA:81,5
DA:82,5
DA:84,5
DA:85,12
DA:86,12
DA:87,8
DA:88,5
DA:90,3
DA:96,5
DA:97,5
DA:99,5
DA:100,5
DA:101,5
DA:103,5
DA:105,5
DA:113,5
DA:114,5
DA:116,5
DA:117,5
DA:120,5
DA:123,2
LF:45
LH:45
BRDA:16,0,0,7
BRDA:16,0,1,0
BRDA:19,1,0,0
BRDA:19,1,1,7
BRDA:19,2,0,7
BRDA:19,2,1,7
BRDA:19,3,0,7
BRDA:19,3,1,0
BRDA:22,4,0,7
BRDA:22,4,1,0
BRDA:23,5,0,0
BRDA:23,5,1,15
BRDA:23,6,0,15
BRDA:23,6,1,15
BRDA:23,7,0,15
BRDA:23,7,1,0
BRDA:28,8,0,0
BRDA:28,8,1,7
BRDA:28,9,0,7
BRDA:28,9,1,7
BRDA:33,10,0,7
BRDA:33,10,1,5
BRDA:37,11,0,15
BRDA:37,11,1,7
BRDA:46,12,0,12
BRDA:46,12,1,4
BRDA:86,13,0,8
BRDA:86,13,1,4
BRDA:87,14,0,5
BRDA:87,14,1,3
BRDA:99,15,0,10
BRDA:99,15,1,5
BRDA:107,16,0,5
BRDA:107,16,1,0
BRDA:109,17,0,5
BRDA:109,17,1,0
BRDA:116,18,0,5
BRDA:116,18,1,0
BRDA:117,19,0,3
BRDA:117,19,1,2
BRF:40
BRH:30
end_of_record
TN:
SF:utils\logActivity.js
FN:3,logActivity
FNF:1
FNH:1
FNDA:1,logActivity
DA:1,1
DA:3,1
DA:4,1
DA:5,1
DA:9,0
LF:5
LH:4
BRF:0
BRH:0
end_of_record
TN:
SF:utils\mailer.js
FN:19,sendOtpEmail
FNF:1
FNH:0
FNDA:0,sendOtpEmail
DA:1,1
DA:3,1
DA:20,0
DA:22,0
DA:26,0
DA:30,0
DA:77,0
DA:85,1
LF:8
LH:3
BRDA:4,0,0,1
BRDA:4,0,1,1
BRDA:5,1,0,1
BRDA:5,1,1,1
BRDA:19,2,0,0
BRDA:22,3,0,0
BRDA:22,3,1,0
BRDA:26,4,0,0
BRDA:26,4,1,0
BRDA:60,5,0,0
BRDA:60,5,1,0
BRDA:78,6,0,0
BRDA:78,6,1,0
BRF:13
BRH:4
end_of_record
TN:
SF:utils\otpStore.js
FN:15,createOtp
FN:27,verifyOtp
FN:42,(anonymous_2)
FNF:3
FNH:0
FNDA:0,createOtp
FNDA:0,verifyOtp
FNDA:0,(anonymous_2)
DA:8,1
DA:10,1
DA:12,1
DA:16,0
DA:17,0
DA:18,0
DA:23,0
DA:28,0
DA:29,0
DA:30,0
DA:31,0
DA:32,0
DA:33,0
DA:35,0
DA:36,0
DA:37,0
DA:38,0
DA:42,1
DA:43,0
DA:44,0
DA:45,0
DA:49,1
LF:22
LH:5
BRDA:29,0,0,0
BRDA:29,0,1,0
BRDA:30,1,0,0
BRDA:30,1,1,0
BRDA:31,2,0,0
BRDA:31,2,1,0
BRDA:36,3,0,0
BRDA:36,3,1,0
BRDA:45,4,0,0
BRDA:45,4,1,0
BRF:10
BRH:0
end_of_record
